{"/home/l00k/Server/100k/phala-stats/ui/src/core/inti5/api/MetadataStorage.ts": {"path":"/home/l00k/Server/100k/phala-stats/ui/src/core/inti5/api/MetadataStorage.ts","statementMap":{"0":{"start":{"line":2,"column":0},"end":{"line":2,"column":31}},"1":{"start":{"line":3,"column":0},"end":{"line":3,"column":46}},"2":{"start":{"line":4,"column":0},"end":{"line":4,"column":48}},"3":{"start":{"line":5,"column":0},"end":{"line":5,"column":53}},"4":{"start":{"line":6,"column":0},"end":{"line":6,"column":29}},"5":{"start":{"line":10,"column":0},"end":{"line":161,"column":null}},"6":{"start":{"line":13,"column":64},"end":{"line":13,"column":73}},"7":{"start":{"line":14,"column":63},"end":{"line":14,"column":65}},"8":{"start":{"line":16,"column":84},"end":{"line":16,"column":93}},"9":{"start":{"line":17,"column":88},"end":{"line":17,"column":97}},"10":{"start":{"line":22,"column":8},"end":{"line":36,"column":null}},"11":{"start":{"line":23,"column":58},"end":{"line":33,"column":14}},"12":{"start":{"line":35,"column":12},"end":{"line":35,"column":63}},"13":{"start":{"line":38,"column":8},"end":{"line":47,"column":null}},"14":{"start":{"line":39,"column":29},"end":{"line":39,"column":66}},"15":{"start":{"line":40,"column":12},"end":{"line":46,"column":null}},"16":{"start":{"line":41,"column":16},"end":{"line":45,"column":18}},"17":{"start":{"line":56,"column":8},"end":{"line":56,"column":45}},"18":{"start":{"line":58,"column":29},"end":{"line":58,"column":66}},"19":{"start":{"line":61,"column":8},"end":{"line":61,"column":59}},"20":{"start":{"line":62,"column":8},"end":{"line":62,"column":62}},"21":{"start":{"line":63,"column":8},"end":{"line":63,"column":83}},"22":{"start":{"line":65,"column":8},"end":{"line":70,"column":null}},"23":{"start":{"line":66,"column":67},"end":{"line":68,"column":20}},"24":{"start":{"line":69,"column":12},"end":{"line":69,"column":112}},"25":{"start":{"line":73,"column":8},"end":{"line":73,"column":74}},"26":{"start":{"line":76,"column":8},"end":{"line":80,"column":10}},"27":{"start":{"line":79,"column":23},"end":{"line":79,"column":48}},"28":{"start":{"line":81,"column":8},"end":{"line":85,"column":11}},"29":{"start":{"line":88,"column":8},"end":{"line":95,"column":11}},"30":{"start":{"line":91,"column":16},"end":{"line":93,"column":32}},"31":{"start":{"line":96,"column":8},"end":{"line":100,"column":11}},"32":{"start":{"line":109,"column":32},"end":{"line":109,"column":59}},"33":{"start":{"line":111,"column":8},"end":{"line":111,"column":55}},"34":{"start":{"line":113,"column":31},"end":{"line":113,"column":68}},"35":{"start":{"line":114,"column":31},"end":{"line":114,"column":66}},"36":{"start":{"line":117,"column":8},"end":{"line":119,"column":null}},"37":{"start":{"line":118,"column":12},"end":{"line":118,"column":49}},"38":{"start":{"line":120,"column":8},"end":{"line":125,"column":null}},"39":{"start":{"line":121,"column":56},"end":{"line":123,"column":20}},"40":{"start":{"line":124,"column":12},"end":{"line":124,"column":98}},"41":{"start":{"line":126,"column":8},"end":{"line":138,"column":null}},"42":{"start":{"line":127,"column":52},"end":{"line":129,"column":20}},"43":{"start":{"line":131,"column":12},"end":{"line":134,"column":null}},"44":{"start":{"line":132,"column":29},"end":{"line":132,"column":90}},"45":{"start":{"line":133,"column":16},"end":{"line":133,"column":44}},"46":{"start":{"line":133,"column":39},"end":{"line":133,"column":43}},"47":{"start":{"line":136,"column":12},"end":{"line":136,"column":92}},"48":{"start":{"line":137,"column":12},"end":{"line":137,"column":51}},"49":{"start":{"line":139,"column":8},"end":{"line":142,"column":null}},"50":{"start":{"line":140,"column":12},"end":{"line":140,"column":61}},"51":{"start":{"line":141,"column":12},"end":{"line":141,"column":108}},"52":{"start":{"line":150,"column":8},"end":{"line":150,"column":65}},"53":{"start":{"line":158,"column":8},"end":{"line":158,"column":67}},"54":{"start":{"line":10,"column":13},"end":{"line":161,"column":null}},"55":{"start":{"line":10,"column":13},"end":{"line":10,"column":28}}},"fnMap":{"0":{"name":"(anonymous_0)","decl":{"start":{"line":20,"column":14},"end":{"line":20,"column":26}},"loc":{"start":{"line":20,"column":85},"end":{"line":48,"column":5}}},"1":{"name":"(anonymous_1)","decl":{"start":{"line":50,"column":11},"end":{"line":50,"column":27}},"loc":{"start":{"line":53,"column":37},"end":{"line":101,"column":5}}},"2":{"name":"(anonymous_2)","decl":{"start":{"line":79,"column":14},"end":{"line":79,"column":17}},"loc":{"start":{"line":79,"column":17},"end":{"line":79,"column":50}}},"3":{"name":"(anonymous_3)","decl":{"start":{"line":89,"column":12},"end":{"line":89,"column":15}},"loc":{"start":{"line":89,"column":15},"end":{"line":94,"column":13}}},"4":{"name":"(anonymous_4)","decl":{"start":{"line":103,"column":11},"end":{"line":103,"column":27}},"loc":{"start":{"line":106,"column":37},"end":{"line":143,"column":5}}},"5":{"name":"(anonymous_5)","decl":{"start":{"line":133,"column":33},"end":{"line":133,"column":36}},"loc":{"start":{"line":133,"column":39},"end":{"line":133,"column":43}}},"6":{"name":"(anonymous_6)","decl":{"start":{"line":145,"column":11},"end":{"line":145,"column":29}},"loc":{"start":{"line":147,"column":51},"end":{"line":151,"column":5}}},"7":{"name":"(anonymous_7)","decl":{"start":{"line":153,"column":11},"end":{"line":153,"column":31}},"loc":{"start":{"line":155,"column":53},"end":{"line":159,"column":5}}}},"branchMap":{"0":{"loc":{"start":{"line":22,"column":8},"end":{"line":36,"column":null}},"type":"if","locations":[{"start":{"line":22,"column":8},"end":{"line":36,"column":null}}]},"1":{"loc":{"start":{"line":38,"column":8},"end":{"line":47,"column":null}},"type":"if","locations":[{"start":{"line":38,"column":8},"end":{"line":47,"column":null}}]},"2":{"loc":{"start":{"line":40,"column":12},"end":{"line":46,"column":null}},"type":"if","locations":[{"start":{"line":40,"column":12},"end":{"line":46,"column":null}}]},"3":{"loc":{"start":{"line":61,"column":28},"end":{"line":61,"column":58}},"type":"binary-expr","locations":[{"start":{"line":61,"column":28},"end":{"line":61,"column":32}},{"start":{"line":61,"column":36},"end":{"line":61,"column":58}}]},"4":{"loc":{"start":{"line":62,"column":28},"end":{"line":62,"column":61}},"type":"binary-expr","locations":[{"start":{"line":62,"column":28},"end":{"line":62,"column":40}},{"start":{"line":62,"column":44},"end":{"line":62,"column":61}}]},"5":{"loc":{"start":{"line":65,"column":8},"end":{"line":70,"column":null}},"type":"if","locations":[{"start":{"line":65,"column":8},"end":{"line":70,"column":null}}]},"6":{"loc":{"start":{"line":66,"column":67},"end":{"line":68,"column":20}},"type":"cond-expr","locations":[{"start":{"line":67,"column":23},"end":{"line":67,"column":40}},{"start":{"line":68,"column":18},"end":{"line":68,"column":20}}]},"7":{"loc":{"start":{"line":91,"column":23},"end":{"line":93,"column":31}},"type":"cond-expr","locations":[{"start":{"line":92,"column":22},"end":{"line":92,"column":76}},{"start":{"line":93,"column":22},"end":{"line":93,"column":31}}]},"8":{"loc":{"start":{"line":117,"column":8},"end":{"line":119,"column":null}},"type":"if","locations":[{"start":{"line":117,"column":8},"end":{"line":119,"column":null}}]},"9":{"loc":{"start":{"line":120,"column":8},"end":{"line":125,"column":null}},"type":"if","locations":[{"start":{"line":120,"column":8},"end":{"line":125,"column":null}}]},"10":{"loc":{"start":{"line":121,"column":56},"end":{"line":123,"column":20}},"type":"cond-expr","locations":[{"start":{"line":122,"column":23},"end":{"line":122,"column":37}},{"start":{"line":123,"column":18},"end":{"line":123,"column":20}}]},"11":{"loc":{"start":{"line":126,"column":8},"end":{"line":138,"column":null}},"type":"if","locations":[{"start":{"line":126,"column":8},"end":{"line":138,"column":null}}]},"12":{"loc":{"start":{"line":127,"column":52},"end":{"line":129,"column":20}},"type":"cond-expr","locations":[{"start":{"line":128,"column":23},"end":{"line":128,"column":35}},{"start":{"line":129,"column":18},"end":{"line":129,"column":20}}]},"13":{"loc":{"start":{"line":131,"column":12},"end":{"line":134,"column":null}},"type":"if","locations":[{"start":{"line":131,"column":12},"end":{"line":134,"column":null}}]},"14":{"loc":{"start":{"line":139,"column":8},"end":{"line":142,"column":null}},"type":"if","locations":[{"start":{"line":139,"column":8},"end":{"line":142,"column":null}}]}},"s":{"0":6,"1":6,"2":6,"3":6,"4":6,"5":6,"6":20,"7":20,"8":20,"9":20,"10":92,"11":13,"12":13,"13":92,"14":80,"15":80,"16":61,"17":12,"18":12,"19":12,"20":12,"21":12,"22":12,"23":2,"24":2,"25":12,"26":12,"27":44,"28":12,"29":12,"30":44,"31":12,"32":80,"33":80,"34":80,"35":80,"36":80,"37":6,"38":80,"39":52,"40":52,"41":80,"42":36,"43":36,"44":28,"45":28,"46":20,"47":36,"48":36,"49":80,"50":2,"51":2,"52":21,"53":21,"54":6,"55":6},"f":{"0":92,"1":12,"2":44,"3":44,"4":80,"5":20,"6":21,"7":21},"b":{"0":[13],"1":[80],"2":[61],"3":[12,9],"4":[12,11],"5":[2],"6":[1,1],"7":[24,20],"8":[6],"9":[52],"10":[50,2],"11":[36],"12":[2,34],"13":[28],"14":[2]}}
,"/home/l00k/Server/100k/phala-stats/ui/src/core/inti5/api/Service.ts": {"path":"/home/l00k/Server/100k/phala-stats/ui/src/core/inti5/api/Service.ts","statementMap":{"0":{"start":{"line":1,"column":0},"end":{"line":1,"column":73}},"1":{"start":{"line":3,"column":0},"end":{"line":3,"column":58}},"2":{"start":{"line":5,"column":0},"end":{"line":5,"column":43}},"3":{"start":{"line":7,"column":0},"end":{"line":7,"column":29}},"4":{"start":{"line":8,"column":0},"end":{"line":8,"column":52}},"5":{"start":{"line":14,"column":0},"end":{"line":178,"column":null}},"6":{"start":{"line":22,"column":55},"end":{"line":22,"column":57}},"7":{"start":{"line":23,"column":59},"end":{"line":23,"column":61}},"8":{"start":{"line":28,"column":8},"end":{"line":28,"column":46}},"9":{"start":{"line":33,"column":8},"end":{"line":33,"column":53}},"10":{"start":{"line":42,"column":8},"end":{"line":45,"column":10}},"11":{"start":{"line":48,"column":30},"end":{"line":48,"column":58}},"12":{"start":{"line":50,"column":8},"end":{"line":54,"column":15}},"13":{"start":{"line":51,"column":28},"end":{"line":51,"column":66}},"14":{"start":{"line":53,"column":16},"end":{"line":53,"column":77}},"15":{"start":{"line":56,"column":8},"end":{"line":60,"column":15}},"16":{"start":{"line":57,"column":28},"end":{"line":57,"column":66}},"17":{"start":{"line":59,"column":16},"end":{"line":59,"column":79}},"18":{"start":{"line":63,"column":8},"end":{"line":69,"column":null}},"19":{"start":{"line":64,"column":33},"end":{"line":64,"column":57}},"20":{"start":{"line":66,"column":12},"end":{"line":68,"column":null}},"21":{"start":{"line":67,"column":16},"end":{"line":67,"column":126}},"22":{"start":{"line":72,"column":8},"end":{"line":95,"column":null}},"23":{"start":{"line":73,"column":33},"end":{"line":73,"column":57}},"24":{"start":{"line":75,"column":12},"end":{"line":94,"column":null}},"25":{"start":{"line":76,"column":31},"end":{"line":79,"column":null}},"26":{"start":{"line":82,"column":60},"end":{"line":85,"column":18}},"27":{"start":{"line":86,"column":16},"end":{"line":86,"column":68}},"28":{"start":{"line":88,"column":16},"end":{"line":90,"column":null}},"29":{"start":{"line":89,"column":20},"end":{"line":89,"column":83}},"30":{"start":{"line":91,"column":16},"end":{"line":93,"column":null}},"31":{"start":{"line":92,"column":20},"end":{"line":92,"column":98}},"32":{"start":{"line":109,"column":32},"end":{"line":109,"column":39}},"33":{"start":{"line":110,"column":8},"end":{"line":119,"column":null}},"34":{"start":{"line":111,"column":30},"end":{"line":111,"column":74}},"35":{"start":{"line":112,"column":12},"end":{"line":118,"column":null}},"36":{"start":{"line":113,"column":16},"end":{"line":117,"column":18}},"37":{"start":{"line":120,"column":8},"end":{"line":120,"column":27}},"38":{"start":{"line":129,"column":32},"end":{"line":129,"column":38}},"39":{"start":{"line":130,"column":8},"end":{"line":139,"column":null}},"40":{"start":{"line":131,"column":30},"end":{"line":131,"column":72}},"41":{"start":{"line":132,"column":12},"end":{"line":138,"column":null}},"42":{"start":{"line":133,"column":16},"end":{"line":137,"column":18}},"43":{"start":{"line":140,"column":8},"end":{"line":140,"column":27}},"44":{"start":{"line":149,"column":34},"end":{"line":149,"column":43}},"45":{"start":{"line":151,"column":22},"end":{"line":151,"column":100}},"46":{"start":{"line":153,"column":8},"end":{"line":173,"column":null}},"47":{"start":{"line":154,"column":26},"end":{"line":154,"column":44}},"48":{"start":{"line":155,"column":12},"end":{"line":161,"column":null}},"49":{"start":{"line":156,"column":16},"end":{"line":160,"column":18}},"50":{"start":{"line":163,"column":59},"end":{"line":163,"column":64}},"51":{"start":{"line":165,"column":12},"end":{"line":167,"column":null}},"52":{"start":{"line":166,"column":16},"end":{"line":166,"column":27}},"53":{"start":{"line":168,"column":12},"end":{"line":170,"column":null}},"54":{"start":{"line":169,"column":16},"end":{"line":169,"column":31}},"55":{"start":{"line":172,"column":12},"end":{"line":172,"column":55}},"56":{"start":{"line":175,"column":8},"end":{"line":175,"column":31}},"57":{"start":{"line":18,"column":4},"end":{"line":18,"column":null}},"58":{"start":{"line":14,"column":13},"end":{"line":178,"column":null}},"59":{"start":{"line":14,"column":13},"end":{"line":14,"column":20}}},"fnMap":{"0":{"name":"(anonymous_0)","decl":{"start":{"line":26,"column":11},"end":{"line":26,"column":23}},"loc":{"start":{"line":26,"column":23},"end":{"line":29,"column":5}}},"1":{"name":"(anonymous_1)","decl":{"start":{"line":31,"column":11},"end":{"line":31,"column":30}},"loc":{"start":{"line":31,"column":30},"end":{"line":34,"column":5}}},"2":{"name":"(anonymous_2)","decl":{"start":{"line":40,"column":11},"end":{"line":40,"column":20}},"loc":{"start":{"line":40,"column":58},"end":{"line":96,"column":5}}},"3":{"name":"(anonymous_3)","decl":{"start":{"line":51,"column":18},"end":{"line":51,"column":19}},"loc":{"start":{"line":51,"column":28},"end":{"line":51,"column":66}}},"4":{"name":"(anonymous_4)","decl":{"start":{"line":52,"column":17},"end":{"line":52,"column":18}},"loc":{"start":{"line":52,"column":56},"end":{"line":54,"column":13}}},"5":{"name":"(anonymous_5)","decl":{"start":{"line":57,"column":18},"end":{"line":57,"column":19}},"loc":{"start":{"line":57,"column":28},"end":{"line":57,"column":66}}},"6":{"name":"(anonymous_6)","decl":{"start":{"line":58,"column":17},"end":{"line":58,"column":18}},"loc":{"start":{"line":58,"column":58},"end":{"line":60,"column":13}}},"7":{"name":"(anonymous_7)","decl":{"start":{"line":103,"column":11},"end":{"line":103,"column":16}},"loc":{"start":{"line":106,"column":43},"end":{"line":121,"column":5}}},"8":{"name":"(anonymous_8)","decl":{"start":{"line":123,"column":11},"end":{"line":123,"column":16}},"loc":{"start":{"line":126,"column":43},"end":{"line":141,"column":5}}},"9":{"name":"(anonymous_9)","decl":{"start":{"line":143,"column":11},"end":{"line":143,"column":46}},"loc":{"start":{"line":146,"column":45},"end":{"line":176,"column":5}}}},"branchMap":{"0":{"loc":{"start":{"line":40,"column":22},"end":{"line":40,"column":58}},"type":"default-arg","locations":[{"start":{"line":40,"column":56},"end":{"line":40,"column":58}}]},"1":{"loc":{"start":{"line":51,"column":28},"end":{"line":51,"column":66}},"type":"cond-expr","locations":[{"start":{"line":51,"column":60},"end":{"line":51,"column":62}},{"start":{"line":51,"column":65},"end":{"line":51,"column":66}}]},"2":{"loc":{"start":{"line":57,"column":28},"end":{"line":57,"column":66}},"type":"cond-expr","locations":[{"start":{"line":57,"column":60},"end":{"line":57,"column":62}},{"start":{"line":57,"column":65},"end":{"line":57,"column":66}}]},"3":{"loc":{"start":{"line":66,"column":12},"end":{"line":68,"column":null}},"type":"if","locations":[{"start":{"line":66,"column":12},"end":{"line":68,"column":null}}]},"4":{"loc":{"start":{"line":66,"column":16},"end":{"line":66,"column":54}},"type":"binary-expr","locations":[{"start":{"line":66,"column":16},"end":{"line":66,"column":33}},{"start":{"line":66,"column":37},"end":{"line":66,"column":54}}]},"5":{"loc":{"start":{"line":88,"column":16},"end":{"line":90,"column":null}},"type":"if","locations":[{"start":{"line":88,"column":16},"end":{"line":90,"column":null}}]},"6":{"loc":{"start":{"line":88,"column":20},"end":{"line":88,"column":48}},"type":"binary-expr","locations":[{"start":{"line":88,"column":20},"end":{"line":88,"column":31}},{"start":{"line":88,"column":35},"end":{"line":88,"column":48}}]},"7":{"loc":{"start":{"line":91,"column":16},"end":{"line":93,"column":null}},"type":"if","locations":[{"start":{"line":91,"column":16},"end":{"line":93,"column":null}}]},"8":{"loc":{"start":{"line":112,"column":12},"end":{"line":118,"column":null}},"type":"if","locations":[{"start":{"line":112,"column":12},"end":{"line":118,"column":null}}]},"9":{"loc":{"start":{"line":132,"column":12},"end":{"line":138,"column":null}},"type":"if","locations":[{"start":{"line":132,"column":12},"end":{"line":138,"column":null}}]},"10":{"loc":{"start":{"line":155,"column":12},"end":{"line":161,"column":null}},"type":"if","locations":[{"start":{"line":155,"column":12},"end":{"line":161,"column":null}}]},"11":{"loc":{"start":{"line":165,"column":12},"end":{"line":167,"column":null}},"type":"if","locations":[{"start":{"line":165,"column":12},"end":{"line":167,"column":null}}]},"12":{"loc":{"start":{"line":168,"column":12},"end":{"line":170,"column":null}},"type":"if","locations":[{"start":{"line":168,"column":12},"end":{"line":170,"column":null}}]}},"s":{"0":6,"1":6,"2":6,"3":6,"4":6,"5":6,"6":16,"7":16,"8":0,"9":0,"10":18,"11":18,"12":18,"13":1,"14":19,"15":18,"16":1,"17":19,"18":18,"19":16,"20":16,"21":1,"22":17,"23":15,"24":15,"25":91,"26":90,"27":90,"28":90,"29":61,"30":90,"31":2,"32":9,"33":9,"34":10,"35":10,"36":9,"37":5,"38":8,"39":8,"40":9,"41":9,"42":9,"43":7,"44":91,"45":91,"46":91,"47":57,"48":57,"49":1,"50":56,"51":56,"52":47,"53":56,"54":49,"55":56,"56":90,"57":6,"58":6,"59":6},"f":{"0":0,"1":0,"2":18,"3":1,"4":19,"5":1,"6":19,"7":9,"8":8,"9":91},"b":{"0":[18],"1":[0,1],"2":[1,0],"3":[1],"4":[16,15],"5":[61],"6":[90,61],"7":[2],"8":[9],"9":[9],"10":[1],"11":[47],"12":[49]}}
,"/home/l00k/Server/100k/phala-stats/ui/src/core/inti5/api/def.ts": {"path":"/home/l00k/Server/100k/phala-stats/ui/src/core/inti5/api/def.ts","statementMap":{"0":{"start":{"line":9,"column":13},"end":{"line":9,"column":31}},"1":{"start":{"line":10,"column":13},"end":{"line":10,"column":35}},"2":{"start":{"line":12,"column":0},"end":{"line":12,"column":null}},"3":{"start":{"line":14,"column":4},"end":{"line":14,"column":null}},"4":{"start":{"line":15,"column":4},"end":{"line":15,"column":null}},"5":{"start":{"line":16,"column":4},"end":{"line":16,"column":null}},"6":{"start":{"line":17,"column":4},"end":{"line":17,"column":null}},"7":{"start":{"line":68,"column":0},"end":{"line":68,"column":null}},"8":{"start":{"line":70,"column":4},"end":{"line":70,"column":null}},"9":{"start":{"line":71,"column":4},"end":{"line":71,"column":null}}},"fnMap":{"0":{"name":"(anonymous_0)","decl":{"start":{"line":12,"column":0},"end":{"line":12,"column":12}},"loc":{"start":{"line":12,"column":23},"end":{"line":18,"column":1}}},"1":{"name":"(anonymous_1)","decl":{"start":{"line":68,"column":0},"end":{"line":68,"column":12}},"loc":{"start":{"line":68,"column":33},"end":{"line":72,"column":1}}}},"branchMap":{"0":{"loc":{"start":{"line":12,"column":12},"end":{"line":12,"column":null}},"type":"binary-expr","locations":[{"start":{"line":12,"column":12},"end":{"line":12,"column":23}},{"start":{"line":12,"column":12},"end":{"line":12,"column":null}}]},"1":{"loc":{"start":{"line":68,"column":12},"end":{"line":68,"column":null}},"type":"binary-expr","locations":[{"start":{"line":68,"column":12},"end":{"line":68,"column":33}},{"start":{"line":68,"column":12},"end":{"line":68,"column":null}}]}},"s":{"0":6,"1":6,"2":6,"3":6,"4":6,"5":6,"6":6,"7":6,"8":6,"9":6},"f":{"0":6,"1":6},"b":{"0":[6,6],"1":[6,6]}}
,"/home/l00k/Server/100k/phala-stats/ui/src/core/inti5/api/index.ts": {"path":"/home/l00k/Server/100k/phala-stats/ui/src/core/inti5/api/index.ts","statementMap":{"0":{"start":{"line":1,"column":0},"end":{"line":1,"column":26}},"1":{"start":{"line":3,"column":0},"end":{"line":3,"column":42}},"2":{"start":{"line":4,"column":0},"end":{"line":4,"column":42}},"3":{"start":{"line":6,"column":0},"end":{"line":6,"column":22}},"4":{"start":{"line":7,"column":0},"end":{"line":7,"column":26}},"5":{"start":{"line":8,"column":0},"end":{"line":8,"column":34}},"6":{"start":{"line":9,"column":0},"end":{"line":9,"column":57}},"7":{"start":{"line":10,"column":0},"end":{"line":10,"column":55}},"8":{"start":{"line":12,"column":0},"end":{"line":12,"column":43}}},"fnMap":{},"branchMap":{},"s":{"0":6,"1":6,"2":6,"3":6,"4":6,"5":6,"6":6,"7":6,"8":6},"f":{},"b":{}}
,"/home/l00k/Server/100k/phala-stats/ui/src/core/inti5/api-backend/MetadataStorage.ts": {"path":"/home/l00k/Server/100k/phala-stats/ui/src/core/inti5/api-backend/MetadataStorage.ts","statementMap":{"0":{"start":{"line":1,"column":0},"end":{"line":1,"column":46}},"1":{"start":{"line":2,"column":0},"end":{"line":2,"column":53}},"2":{"start":{"line":9,"column":0},"end":{"line":51,"column":null}},"3":{"start":{"line":12,"column":61},"end":{"line":12,"column":70}},"4":{"start":{"line":13,"column":56},"end":{"line":13,"column":65}},"5":{"start":{"line":22,"column":26},"end":{"line":22,"column":72}},"6":{"start":{"line":23,"column":8},"end":{"line":26,"column":null}},"7":{"start":{"line":24,"column":12},"end":{"line":24,"column":29}},"8":{"start":{"line":25,"column":12},"end":{"line":25,"column":72}},"9":{"start":{"line":28,"column":25},"end":{"line":28,"column":46}},"10":{"start":{"line":29,"column":8},"end":{"line":32,"column":null}},"11":{"start":{"line":30,"column":12},"end":{"line":30,"column":33}},"12":{"start":{"line":31,"column":12},"end":{"line":31,"column":47}},"13":{"start":{"line":34,"column":8},"end":{"line":34,"column":43}},"14":{"start":{"line":42,"column":24},"end":{"line":42,"column":68}},"15":{"start":{"line":43,"column":8},"end":{"line":46,"column":null}},"16":{"start":{"line":44,"column":12},"end":{"line":44,"column":27}},"17":{"start":{"line":45,"column":12},"end":{"line":45,"column":68}},"18":{"start":{"line":48,"column":8},"end":{"line":48,"column":33}},"19":{"start":{"line":9,"column":13},"end":{"line":51,"column":null}},"20":{"start":{"line":9,"column":13},"end":{"line":9,"column":28}}},"fnMap":{"0":{"name":"(anonymous_0)","decl":{"start":{"line":16,"column":11},"end":{"line":16,"column":29}},"loc":{"start":{"line":19,"column":38},"end":{"line":35,"column":5}}},"1":{"name":"(anonymous_1)","decl":{"start":{"line":37,"column":11},"end":{"line":37,"column":27}},"loc":{"start":{"line":39,"column":25},"end":{"line":49,"column":5}}}},"branchMap":{"0":{"loc":{"start":{"line":23,"column":8},"end":{"line":26,"column":null}},"type":"if","locations":[{"start":{"line":23,"column":8},"end":{"line":26,"column":null}}]},"1":{"loc":{"start":{"line":29,"column":8},"end":{"line":32,"column":null}},"type":"if","locations":[{"start":{"line":29,"column":8},"end":{"line":32,"column":null}}]},"2":{"loc":{"start":{"line":43,"column":8},"end":{"line":46,"column":null}},"type":"if","locations":[{"start":{"line":43,"column":8},"end":{"line":46,"column":null}}]}},"s":{"0":2,"1":2,"2":2,"3":1,"4":1,"5":7,"6":7,"7":1,"8":1,"9":7,"10":7,"11":7,"12":7,"13":7,"14":2,"15":2,"16":1,"17":1,"18":2,"19":2,"20":2},"f":{"0":7,"1":2},"b":{"0":[1],"1":[7],"2":[1]}}
,"/home/l00k/Server/100k/phala-stats/ui/src/core/inti5/api-backend/Service.ts": {"path":"/home/l00k/Server/100k/phala-stats/ui/src/core/inti5/api-backend/Service.ts","statementMap":{"0":{"start":{"line":1,"column":0},"end":{"line":1,"column":52}},"1":{"start":{"line":2,"column":0},"end":{"line":2,"column":58}},"2":{"start":{"line":3,"column":0},"end":{"line":3,"column":49}},"3":{"start":{"line":4,"column":0},"end":{"line":4,"column":39}},"4":{"start":{"line":5,"column":0},"end":{"line":5,"column":43}},"5":{"start":{"line":6,"column":0},"end":{"line":6,"column":67}},"6":{"start":{"line":7,"column":0},"end":{"line":7,"column":35}},"7":{"start":{"line":8,"column":0},"end":{"line":8,"column":52}},"8":{"start":{"line":15,"column":0},"end":{"line":211,"column":null}},"9":{"start":{"line":22,"column":118},"end":{"line":22,"column":127}},"10":{"start":{"line":24,"column":69},"end":{"line":24,"column":78}},"11":{"start":{"line":25,"column":70},"end":{"line":25,"column":79}},"12":{"start":{"line":26,"column":76},"end":{"line":26,"column":78}},"13":{"start":{"line":39,"column":49},"end":{"line":39,"column":57}},"14":{"start":{"line":40,"column":30},"end":{"line":40,"column":87}},"15":{"start":{"line":42,"column":60},"end":{"line":45,"column":10}},"16":{"start":{"line":47,"column":8},"end":{"line":50,"column":null}},"17":{"start":{"line":48,"column":42},"end":{"line":48,"column":124}},"18":{"start":{"line":49,"column":12},"end":{"line":49,"column":85}},"19":{"start":{"line":52,"column":8},"end":{"line":52,"column":65}},"20":{"start":{"line":61,"column":29},"end":{"line":61,"column":57}},"21":{"start":{"line":62,"column":29},"end":{"line":62,"column":57}},"22":{"start":{"line":63,"column":32},"end":{"line":63,"column":97}},"23":{"start":{"line":71,"column":50},"end":{"line":71,"column":52}},"24":{"start":{"line":75,"column":49},"end":{"line":75,"column":51}},"25":{"start":{"line":79,"column":52},"end":{"line":79,"column":73}},"26":{"start":{"line":71,"column":12},"end":{"line":71,"column":null}},"27":{"start":{"line":69,"column":30},"end":{"line":69,"column":42}},"28":{"start":{"line":70,"column":30},"end":{"line":70,"column":42}},"29":{"start":{"line":75,"column":12},"end":{"line":75,"column":null}},"30":{"start":{"line":73,"column":30},"end":{"line":73,"column":42}},"31":{"start":{"line":74,"column":30},"end":{"line":74,"column":42}},"32":{"start":{"line":79,"column":12},"end":{"line":79,"column":null}},"33":{"start":{"line":77,"column":30},"end":{"line":77,"column":45}},"34":{"start":{"line":78,"column":30},"end":{"line":78,"column":45}},"35":{"start":{"line":83,"column":8},"end":{"line":83,"column":37}},"36":{"start":{"line":88,"column":21},"end":{"line":88,"column":29}},"37":{"start":{"line":90,"column":8},"end":{"line":93,"column":null}},"38":{"start":{"line":91,"column":32},"end":{"line":91,"column":60}},"39":{"start":{"line":92,"column":12},"end":{"line":92,"column":48}},"40":{"start":{"line":95,"column":8},"end":{"line":95,"column":38}},"41":{"start":{"line":100,"column":28},"end":{"line":100,"column":86}},"42":{"start":{"line":105,"column":8},"end":{"line":122,"column":null}},"43":{"start":{"line":108,"column":12},"end":{"line":118,"column":null}},"44":{"start":{"line":109,"column":32},"end":{"line":109,"column":66}},"45":{"start":{"line":111,"column":37},"end":{"line":113,"column":41}},"46":{"start":{"line":114,"column":16},"end":{"line":114,"column":102}},"47":{"start":{"line":116,"column":16},"end":{"line":116,"column":93}},"48":{"start":{"line":117,"column":16},"end":{"line":117,"column":63}},"49":{"start":{"line":120,"column":12},"end":{"line":120,"column":97}},"50":{"start":{"line":121,"column":12},"end":{"line":121,"column":81}},"51":{"start":{"line":125,"column":8},"end":{"line":134,"column":null}},"52":{"start":{"line":126,"column":28},"end":{"line":126,"column":62}},"53":{"start":{"line":128,"column":33},"end":{"line":130,"column":29}},"54":{"start":{"line":131,"column":12},"end":{"line":131,"column":97}},"55":{"start":{"line":133,"column":12},"end":{"line":133,"column":109}},"56":{"start":{"line":133,"column":29},"end":{"line":133,"column":40}},"57":{"start":{"line":136,"column":8},"end":{"line":136,"column":27}},"58":{"start":{"line":141,"column":21},"end":{"line":141,"column":29}},"59":{"start":{"line":143,"column":8},"end":{"line":146,"column":null}},"60":{"start":{"line":144,"column":32},"end":{"line":144,"column":60}},"61":{"start":{"line":145,"column":12},"end":{"line":145,"column":49}},"62":{"start":{"line":148,"column":8},"end":{"line":148,"column":39}},"63":{"start":{"line":153,"column":26},"end":{"line":153,"column":82}},"64":{"start":{"line":157,"column":8},"end":{"line":161,"column":null}},"65":{"start":{"line":158,"column":12},"end":{"line":158,"column":91}},"66":{"start":{"line":159,"column":12},"end":{"line":159,"column":86}},"67":{"start":{"line":160,"column":12},"end":{"line":160,"column":58}},"68":{"start":{"line":163,"column":8},"end":{"line":163,"column":27}},"69":{"start":{"line":171,"column":20},"end":{"line":171,"column":77}},"70":{"start":{"line":172,"column":8},"end":{"line":174,"column":null}},"71":{"start":{"line":173,"column":12},"end":{"line":173,"column":104}},"72":{"start":{"line":176,"column":8},"end":{"line":176,"column":37}},"73":{"start":{"line":195,"column":35},"end":{"line":195,"column":36}},"74":{"start":{"line":205,"column":43},"end":{"line":205,"column":62}},"75":{"start":{"line":195,"column":12},"end":{"line":195,"column":null}},"76":{"start":{"line":205,"column":12},"end":{"line":205,"column":null}},"77":{"start":{"line":208,"column":8},"end":{"line":208,"column":30}},"78":{"start":{"line":20,"column":4},"end":{"line":20,"column":null}},"79":{"start":{"line":15,"column":13},"end":{"line":211,"column":null}},"80":{"start":{"line":15,"column":13},"end":{"line":15,"column":20}}},"fnMap":{"0":{"name":"(anonymous_0)","decl":{"start":{"line":33,"column":11},"end":{"line":33,"column":36}},"loc":{"start":{"line":36,"column":41},"end":{"line":53,"column":5}}},"1":{"name":"(anonymous_1)","decl":{"start":{"line":55,"column":14},"end":{"line":55,"column":41}},"loc":{"start":{"line":58,"column":41},"end":{"line":84,"column":5}}},"2":{"name":"(anonymous_2)","decl":{"start":{"line":69,"column":24},"end":{"line":69,"column":27}},"loc":{"start":{"line":69,"column":30},"end":{"line":69,"column":42}}},"3":{"name":"(anonymous_3)","decl":{"start":{"line":70,"column":24},"end":{"line":70,"column":27}},"loc":{"start":{"line":70,"column":30},"end":{"line":70,"column":42}}},"4":{"name":"(anonymous_4)","decl":{"start":{"line":73,"column":24},"end":{"line":73,"column":27}},"loc":{"start":{"line":73,"column":30},"end":{"line":73,"column":42}}},"5":{"name":"(anonymous_5)","decl":{"start":{"line":74,"column":24},"end":{"line":74,"column":27}},"loc":{"start":{"line":74,"column":30},"end":{"line":74,"column":42}}},"6":{"name":"(anonymous_6)","decl":{"start":{"line":77,"column":24},"end":{"line":77,"column":27}},"loc":{"start":{"line":77,"column":30},"end":{"line":77,"column":45}}},"7":{"name":"(anonymous_7)","decl":{"start":{"line":78,"column":24},"end":{"line":78,"column":27}},"loc":{"start":{"line":78,"column":30},"end":{"line":78,"column":45}}},"8":{"name":"(anonymous_8)","decl":{"start":{"line":86,"column":14},"end":{"line":86,"column":29}},"loc":{"start":{"line":86,"column":46},"end":{"line":96,"column":5}}},"9":{"name":"(anonymous_9)","decl":{"start":{"line":98,"column":14},"end":{"line":98,"column":31}},"loc":{"start":{"line":98,"column":48},"end":{"line":137,"column":5}}},"10":{"name":"(anonymous_10)","decl":{"start":{"line":133,"column":23},"end":{"line":133,"column":26}},"loc":{"start":{"line":133,"column":29},"end":{"line":133,"column":40}}},"11":{"name":"(anonymous_11)","decl":{"start":{"line":139,"column":14},"end":{"line":139,"column":29}},"loc":{"start":{"line":139,"column":46},"end":{"line":149,"column":5}}},"12":{"name":"(anonymous_12)","decl":{"start":{"line":151,"column":14},"end":{"line":151,"column":31}},"loc":{"start":{"line":151,"column":48},"end":{"line":164,"column":5}}},"13":{"name":"(anonymous_13)","decl":{"start":{"line":166,"column":14},"end":{"line":166,"column":32}},"loc":{"start":{"line":168,"column":36},"end":{"line":177,"column":5}}},"14":{"name":"(anonymous_14)","decl":{"start":{"line":179,"column":14},"end":{"line":179,"column":34}},"loc":{"start":{"line":181,"column":36},"end":{"line":209,"column":5}}}},"branchMap":{"0":{"loc":{"start":{"line":35,"column":8},"end":{"line":35,"column":56}},"type":"default-arg","locations":[{"start":{"line":35,"column":41},"end":{"line":35,"column":56}}]},"1":{"loc":{"start":{"line":36,"column":8},"end":{"line":36,"column":41}},"type":"default-arg","locations":[{"start":{"line":36,"column":39},"end":{"line":36,"column":41}}]},"2":{"loc":{"start":{"line":47,"column":8},"end":{"line":50,"column":null}},"type":"if","locations":[{"start":{"line":47,"column":8},"end":{"line":50,"column":null}}]},"3":{"loc":{"start":{"line":57,"column":8},"end":{"line":57,"column":56}},"type":"default-arg","locations":[{"start":{"line":57,"column":41},"end":{"line":57,"column":56}}]},"4":{"loc":{"start":{"line":58,"column":8},"end":{"line":58,"column":41}},"type":"default-arg","locations":[{"start":{"line":58,"column":39},"end":{"line":58,"column":41}}]},"5":{"loc":{"start":{"line":90,"column":8},"end":{"line":93,"column":null}},"type":"if","locations":[{"start":{"line":90,"column":8},"end":{"line":93,"column":null}}]},"6":{"loc":{"start":{"line":100,"column":28},"end":{"line":100,"column":86}},"type":"binary-expr","locations":[{"start":{"line":100,"column":28},"end":{"line":100,"column":80}},{"start":{"line":100,"column":84},"end":{"line":100,"column":86}}]},"7":{"loc":{"start":{"line":111,"column":37},"end":{"line":113,"column":41}},"type":"cond-expr","locations":[{"start":{"line":112,"column":22},"end":{"line":112,"column":27}},{"start":{"line":113,"column":22},"end":{"line":113,"column":41}}]},"8":{"loc":{"start":{"line":128,"column":33},"end":{"line":130,"column":29}},"type":"cond-expr","locations":[{"start":{"line":129,"column":18},"end":{"line":129,"column":23}},{"start":{"line":130,"column":18},"end":{"line":130,"column":29}}]},"9":{"loc":{"start":{"line":143,"column":8},"end":{"line":146,"column":null}},"type":"if","locations":[{"start":{"line":143,"column":8},"end":{"line":146,"column":null}}]},"10":{"loc":{"start":{"line":153,"column":26},"end":{"line":153,"column":82}},"type":"binary-expr","locations":[{"start":{"line":153,"column":26},"end":{"line":153,"column":76}},{"start":{"line":153,"column":80},"end":{"line":153,"column":82}}]},"11":{"loc":{"start":{"line":172,"column":8},"end":{"line":174,"column":null}},"type":"if","locations":[{"start":{"line":172,"column":8},"end":{"line":174,"column":null}}]}},"s":{"0":2,"1":2,"2":2,"3":2,"4":2,"5":2,"6":2,"7":2,"8":2,"9":1,"10":1,"11":1,"12":1,"13":1,"14":1,"15":1,"16":1,"17":1,"18":1,"19":1,"20":1,"21":1,"22":1,"23":4,"24":4,"25":4,"26":1,"27":5,"28":3,"29":1,"30":5,"31":2,"32":1,"33":5,"34":2,"35":1,"36":1,"37":1,"38":1,"39":1,"40":1,"41":1,"42":1,"43":7,"44":36,"45":36,"46":36,"47":36,"48":36,"49":7,"50":7,"51":1,"52":3,"53":3,"54":3,"55":3,"56":27,"57":1,"58":1,"59":1,"60":1,"61":1,"62":1,"63":1,"64":1,"65":2,"66":2,"67":2,"68":1,"69":1,"70":1,"71":1,"72":1,"73":6,"74":6,"75":1,"76":1,"77":1,"78":2,"79":2,"80":2},"f":{"0":1,"1":1,"2":5,"3":3,"4":5,"5":2,"6":5,"7":2,"8":1,"9":1,"10":27,"11":1,"12":1,"13":1,"14":1},"b":{"0":[1],"1":[1],"2":[1],"3":[0],"4":[0],"5":[1],"6":[1,0],"7":[11,25],"8":[2,1],"9":[1],"10":[1,0],"11":[1]}}
,"/home/l00k/Server/100k/phala-stats/ui/src/core/inti5/api-backend/def.ts": {"path":"/home/l00k/Server/100k/phala-stats/ui/src/core/inti5/api-backend/def.ts","statementMap":{"0":{"start":{"line":4,"column":0},"end":{"line":4,"column":31}},"1":{"start":{"line":69,"column":13},"end":{"line":76,"column":2}},"2":{"start":{"line":78,"column":13},"end":{"line":78,"column":79}},"3":{"start":{"line":79,"column":13},"end":{"line":79,"column":103}},"4":{"start":{"line":81,"column":13},"end":{"line":81,"column":82}},"5":{"start":{"line":82,"column":13},"end":{"line":82,"column":90}},"6":{"start":{"line":83,"column":13},"end":{"line":83,"column":119}},"7":{"start":{"line":84,"column":13},"end":{"line":84,"column":147}},"8":{"start":{"line":85,"column":13},"end":{"line":85,"column":117}}},"fnMap":{},"branchMap":{},"s":{"0":2,"1":2,"2":2,"3":2,"4":2,"5":2,"6":2,"7":2,"8":2},"f":{},"b":{}}
,"/home/l00k/Server/100k/phala-stats/ui/src/core/inti5/api-backend/index.ts": {"path":"/home/l00k/Server/100k/phala-stats/ui/src/core/inti5/api-backend/index.ts","statementMap":{"0":{"start":{"line":1,"column":0},"end":{"line":1,"column":26}},"1":{"start":{"line":3,"column":0},"end":{"line":3,"column":27}},"2":{"start":{"line":5,"column":0},"end":{"line":5,"column":9}},"3":{"start":{"line":5,"column":9},"end":{"line":5,"column":36}},"4":{"start":{"line":7,"column":0},"end":{"line":7,"column":57}},"5":{"start":{"line":8,"column":0},"end":{"line":8,"column":50}},"6":{"start":{"line":9,"column":13},"end":{"line":9,"column":79}},"7":{"start":{"line":11,"column":0},"end":{"line":11,"column":35}}},"fnMap":{"0":{"name":"(anonymous_0)","decl":{"start":{"line":5,"column":9},"end":{"line":5,"column":16}},"loc":{"start":{"line":5,"column":9},"end":{"line":5,"column":36}}}},"branchMap":{},"s":{"0":2,"1":2,"2":2,"3":6,"4":2,"5":2,"6":2,"7":2},"f":{"0":4},"b":{}}
,"/home/l00k/Server/100k/phala-stats/ui/src/core/inti5/api-backend/Annotation/CollectionRequest.ts": {"path":"/home/l00k/Server/100k/phala-stats/ui/src/core/inti5/api-backend/Annotation/CollectionRequest.ts","statementMap":{"0":{"start":{"line":1,"column":0},"end":{"line":1,"column":36}},"1":{"start":{"line":2,"column":0},"end":{"line":2,"column":54}},"2":{"start":{"line":3,"column":0},"end":{"line":3,"column":49}},"3":{"start":{"line":5,"column":0},"end":{"line":5,"column":37}},"4":{"start":{"line":15,"column":4},"end":{"line":15,"column":30}},"5":{"start":{"line":24,"column":4},"end":{"line":34,"column":6}},"6":{"start":{"line":25,"column":20},"end":{"line":25,"column":69}},"7":{"start":{"line":26,"column":39},"end":{"line":26,"column":76}},"8":{"start":{"line":28,"column":8},"end":{"line":28,"column":119}},"9":{"start":{"line":28,"column":25},"end":{"line":28,"column":47}},"10":{"start":{"line":30,"column":8},"end":{"line":33,"column":56}},"11":{"start":{"line":32,"column":26},"end":{"line":32,"column":48}},"12":{"start":{"line":18,"column":0},"end":{"line":18,"column":16}}},"fnMap":{"0":{"name":"getterFunction","decl":{"start":{"line":10,"column":9},"end":{"line":10,"column":23}},"loc":{"start":{"line":12,"column":31},"end":{"line":16,"column":1}}},"1":{"name":"CollectionRequest","decl":{"start":{"line":18,"column":16},"end":{"line":18,"column":33}},"loc":{"start":{"line":21,"column":37},"end":{"line":35,"column":1}}},"2":{"name":"(anonymous_2)","decl":{"start":{"line":24,"column":11},"end":{"line":24,"column":12}},"loc":{"start":{"line":24,"column":92},"end":{"line":34,"column":5}}},"3":{"name":"(anonymous_3)","decl":{"start":{"line":28,"column":19},"end":{"line":28,"column":22}},"loc":{"start":{"line":28,"column":25},"end":{"line":28,"column":47}}},"4":{"name":"(anonymous_4)","decl":{"start":{"line":32,"column":20},"end":{"line":32,"column":23}},"loc":{"start":{"line":32,"column":26},"end":{"line":32,"column":48}}}},"branchMap":{"0":{"loc":{"start":{"line":15,"column":11},"end":{"line":15,"column":29}},"type":"binary-expr","locations":[{"start":{"line":15,"column":11},"end":{"line":15,"column":23}},{"start":{"line":15,"column":27},"end":{"line":15,"column":29}}]},"1":{"loc":{"start":{"line":20,"column":4},"end":{"line":20,"column":52}},"type":"default-arg","locations":[{"start":{"line":20,"column":37},"end":{"line":20,"column":52}}]},"2":{"loc":{"start":{"line":21,"column":4},"end":{"line":21,"column":37}},"type":"default-arg","locations":[{"start":{"line":21,"column":35},"end":{"line":21,"column":37}}]}},"s":{"0":2,"1":2,"2":2,"3":2,"4":4,"5":1,"6":1,"7":1,"8":1,"9":5,"10":1,"11":4,"12":2},"f":{"0":4,"1":1,"2":1,"3":5,"4":4},"b":{"0":[4,0],"1":[0],"2":[0]}}
,"/home/l00k/Server/100k/phala-stats/ui/src/core/inti5/api-backend/Annotation/Endpoint.ts": {"path":"/home/l00k/Server/100k/phala-stats/ui/src/core/inti5/api-backend/Annotation/Endpoint.ts","statementMap":{"0":{"start":{"line":1,"column":0},"end":{"line":1,"column":79}},"1":{"start":{"line":2,"column":0},"end":{"line":2,"column":45}},"2":{"start":{"line":3,"column":0},"end":{"line":3,"column":51}},"3":{"start":{"line":4,"column":0},"end":{"line":4,"column":30}},"4":{"start":{"line":13,"column":4},"end":{"line":25,"column":6}},"5":{"start":{"line":14,"column":57},"end":{"line":20,"column":10}},"6":{"start":{"line":21,"column":8},"end":{"line":21,"column":63}},"7":{"start":{"line":23,"column":8},"end":{"line":23,"column":60}},"8":{"start":{"line":24,"column":8},"end":{"line":24,"column":64}},"9":{"start":{"line":11,"column":0},"end":{"line":11,"column":16}}},"fnMap":{"0":{"name":"Endpoint","decl":{"start":{"line":11,"column":16},"end":{"line":11,"column":24}},"loc":{"start":{"line":11,"column":67},"end":{"line":26,"column":1}}},"1":{"name":"(anonymous_1)","decl":{"start":{"line":13,"column":11},"end":{"line":13,"column":12}},"loc":{"start":{"line":13,"column":100},"end":{"line":25,"column":5}}}},"branchMap":{},"s":{"0":2,"1":2,"2":2,"3":2,"4":2,"5":2,"6":2,"7":2,"8":2,"9":2},"f":{"0":2,"1":2},"b":{}}
,"/home/l00k/Server/100k/phala-stats/ui/src/core/inti5/api-backend/Annotation/Filterable.ts": {"path":"/home/l00k/Server/100k/phala-stats/ui/src/core/inti5/api-backend/Annotation/Filterable.ts","statementMap":{"0":{"start":{"line":1,"column":0},"end":{"line":1,"column":54}},"1":{"start":{"line":2,"column":0},"end":{"line":2,"column":65}},"2":{"start":{"line":3,"column":0},"end":{"line":3,"column":null}},"3":{"start":{"line":12,"column":0},"end":{"line":12,"column":53}},"4":{"start":{"line":38,"column":31},"end":{"line":38,"column":36}},"5":{"start":{"line":40,"column":4},"end":{"line":50,"column":null}},"6":{"start":{"line":41,"column":8},"end":{"line":49,"column":null}},"7":{"start":{"line":42,"column":12},"end":{"line":42,"column":38}},"8":{"start":{"line":44,"column":13},"end":{"line":49,"column":null}},"9":{"start":{"line":45,"column":12},"end":{"line":45,"column":37}},"10":{"start":{"line":47,"column":13},"end":{"line":49,"column":null}},"11":{"start":{"line":48,"column":12},"end":{"line":48,"column":34}},"12":{"start":{"line":51,"column":4},"end":{"line":58,"column":null}},"13":{"start":{"line":52,"column":8},"end":{"line":57,"column":null}},"14":{"start":{"line":53,"column":12},"end":{"line":53,"column":38}},"15":{"start":{"line":55,"column":13},"end":{"line":57,"column":null}},"16":{"start":{"line":56,"column":12},"end":{"line":56,"column":37}},"17":{"start":{"line":60,"column":4},"end":{"line":93,"column":6}},"18":{"start":{"line":61,"column":53},"end":{"line":61,"column":79}},"19":{"start":{"line":63,"column":27},"end":{"line":63,"column":87}},"20":{"start":{"line":65,"column":8},"end":{"line":67,"column":null}},"21":{"start":{"line":66,"column":12},"end":{"line":66,"column":38}},"22":{"start":{"line":66,"column":27},"end":{"line":66,"column":37}},"23":{"start":{"line":69,"column":8},"end":{"line":85,"column":null}},"24":{"start":{"line":70,"column":12},"end":{"line":84,"column":null}},"25":{"start":{"line":71,"column":16},"end":{"line":71,"column":52}},"26":{"start":{"line":73,"column":17},"end":{"line":84,"column":null}},"27":{"start":{"line":74,"column":16},"end":{"line":74,"column":51}},"28":{"start":{"line":76,"column":17},"end":{"line":84,"column":null}},"29":{"start":{"line":77,"column":16},"end":{"line":77,"column":51}},"30":{"start":{"line":79,"column":17},"end":{"line":84,"column":null}},"31":{"start":{"line":80,"column":16},"end":{"line":80,"column":49}},"32":{"start":{"line":83,"column":16},"end":{"line":83,"column":44}},"33":{"start":{"line":87,"column":8},"end":{"line":92,"column":14}},"34":{"start":{"line":96,"column":9},"end":{"line":96,"column":19}}},"fnMap":{"0":{"name":"Filterable","decl":{"start":{"line":34,"column":9},"end":{"line":34,"column":19}},"loc":{"start":{"line":34,"column":19},"end":{"line":94,"column":1}}},"1":{"name":"(anonymous_1)","decl":{"start":{"line":60,"column":11},"end":{"line":60,"column":12}},"loc":{"start":{"line":60,"column":56},"end":{"line":93,"column":5}}},"2":{"name":"(anonymous_2)","decl":{"start":{"line":66,"column":21},"end":{"line":66,"column":24}},"loc":{"start":{"line":66,"column":27},"end":{"line":66,"column":37}}}},"branchMap":{"0":{"loc":{"start":{"line":40,"column":4},"end":{"line":50,"column":null}},"type":"if","locations":[{"start":{"line":40,"column":4},"end":{"line":50,"column":null}}]},"1":{"loc":{"start":{"line":41,"column":8},"end":{"line":49,"column":null}},"type":"if","locations":[{"start":{"line":41,"column":8},"end":{"line":49,"column":null}},{"start":{"line":44,"column":13},"end":{"line":49,"column":null}}]},"2":{"loc":{"start":{"line":44,"column":13},"end":{"line":49,"column":null}},"type":"if","locations":[{"start":{"line":44,"column":13},"end":{"line":49,"column":null}},{"start":{"line":47,"column":13},"end":{"line":49,"column":null}}]},"3":{"loc":{"start":{"line":47,"column":13},"end":{"line":49,"column":null}},"type":"if","locations":[{"start":{"line":47,"column":13},"end":{"line":49,"column":null}}]},"4":{"loc":{"start":{"line":51,"column":4},"end":{"line":58,"column":null}},"type":"if","locations":[{"start":{"line":51,"column":4},"end":{"line":58,"column":null}}]},"5":{"loc":{"start":{"line":52,"column":8},"end":{"line":57,"column":null}},"type":"if","locations":[{"start":{"line":52,"column":8},"end":{"line":57,"column":null}},{"start":{"line":55,"column":13},"end":{"line":57,"column":null}}]},"6":{"loc":{"start":{"line":55,"column":13},"end":{"line":57,"column":null}},"type":"if","locations":[{"start":{"line":55,"column":13},"end":{"line":57,"column":null}}]},"7":{"loc":{"start":{"line":65,"column":8},"end":{"line":67,"column":null}},"type":"if","locations":[{"start":{"line":65,"column":8},"end":{"line":67,"column":null}}]},"8":{"loc":{"start":{"line":69,"column":8},"end":{"line":85,"column":null}},"type":"if","locations":[{"start":{"line":69,"column":8},"end":{"line":85,"column":null}}]},"9":{"loc":{"start":{"line":69,"column":12},"end":{"line":69,"column":37}},"type":"binary-expr","locations":[{"start":{"line":69,"column":12},"end":{"line":69,"column":23}},{"start":{"line":69,"column":27},"end":{"line":69,"column":37}}]},"10":{"loc":{"start":{"line":70,"column":12},"end":{"line":84,"column":null}},"type":"if","locations":[{"start":{"line":70,"column":12},"end":{"line":84,"column":null}},{"start":{"line":73,"column":17},"end":{"line":84,"column":null}}]},"11":{"loc":{"start":{"line":73,"column":17},"end":{"line":84,"column":null}},"type":"if","locations":[{"start":{"line":73,"column":17},"end":{"line":84,"column":null}},{"start":{"line":76,"column":17},"end":{"line":84,"column":null}}]},"12":{"loc":{"start":{"line":76,"column":17},"end":{"line":84,"column":null}},"type":"if","locations":[{"start":{"line":76,"column":17},"end":{"line":84,"column":null}},{"start":{"line":79,"column":17},"end":{"line":84,"column":null}}]},"13":{"loc":{"start":{"line":79,"column":17},"end":{"line":84,"column":null}},"type":"if","locations":[{"start":{"line":79,"column":17},"end":{"line":84,"column":null}},{"start":{"line":82,"column":17},"end":{"line":84,"column":null}}]}},"s":{"0":2,"1":2,"2":2,"3":2,"4":7,"5":7,"6":2,"7":0,"8":2,"9":1,"10":1,"11":1,"12":7,"13":1,"14":0,"15":1,"16":1,"17":7,"18":7,"19":7,"20":7,"21":6,"22":104,"23":7,"24":5,"25":1,"26":4,"27":1,"28":3,"29":1,"30":2,"31":1,"32":1,"33":7,"34":2},"f":{"0":7,"1":7,"2":104},"b":{"0":[2],"1":[0,2],"2":[1,1],"3":[1],"4":[1],"5":[0,1],"6":[1],"7":[6],"8":[5],"9":[7,7],"10":[1,4],"11":[1,3],"12":[1,2],"13":[1,1]}}
,"/home/l00k/Server/100k/phala-stats/ui/src/core/inti5/api-backend/Annotation/RequestContext.ts": {"path":"/home/l00k/Server/100k/phala-stats/ui/src/core/inti5/api-backend/Annotation/RequestContext.ts","statementMap":{"0":{"start":{"line":1,"column":0},"end":{"line":1,"column":36}},"1":{"start":{"line":12,"column":4},"end":{"line":15,"column":6}},"2":{"start":{"line":20,"column":4},"end":{"line":24,"column":6}},"3":{"start":{"line":21,"column":8},"end":{"line":23,"column":56}},"4":{"start":{"line":18,"column":0},"end":{"line":18,"column":16}}},"fnMap":{"0":{"name":"getterFunction","decl":{"start":{"line":7,"column":9},"end":{"line":7,"column":23}},"loc":{"start":{"line":9,"column":31},"end":{"line":16,"column":1}}},"1":{"name":"RequestContext","decl":{"start":{"line":18,"column":16},"end":{"line":18,"column":30}},"loc":{"start":{"line":18,"column":30},"end":{"line":25,"column":1}}},"2":{"name":"(anonymous_2)","decl":{"start":{"line":20,"column":11},"end":{"line":20,"column":12}},"loc":{"start":{"line":20,"column":92},"end":{"line":24,"column":5}}}},"branchMap":{},"s":{"0":2,"1":1,"2":1,"3":1,"4":2},"f":{"0":1,"1":1,"2":1},"b":{}}
,"/home/l00k/Server/100k/phala-stats/ui/src/core/inti5/api-backend/Annotation/Sortable.ts": {"path":"/home/l00k/Server/100k/phala-stats/ui/src/core/inti5/api-backend/Annotation/Sortable.ts","statementMap":{"0":{"start":{"line":1,"column":0},"end":{"line":1,"column":54}},"1":{"start":{"line":2,"column":0},"end":{"line":2,"column":53}},"2":{"start":{"line":8,"column":4},"end":{"line":11,"column":6}},"3":{"start":{"line":9,"column":8},"end":{"line":10,"column":79}},"4":{"start":{"line":6,"column":0},"end":{"line":6,"column":16}}},"fnMap":{"0":{"name":"Sortable","decl":{"start":{"line":6,"column":16},"end":{"line":6,"column":24}},"loc":{"start":{"line":6,"column":24},"end":{"line":12,"column":1}}},"1":{"name":"(anonymous_1)","decl":{"start":{"line":8,"column":11},"end":{"line":8,"column":12}},"loc":{"start":{"line":8,"column":64},"end":{"line":11,"column":5}}}},"branchMap":{},"s":{"0":2,"1":2,"2":2,"3":2,"4":2},"f":{"0":2,"1":2},"b":{}}
,"/home/l00k/Server/100k/phala-stats/ui/src/core/inti5/api-backend/Annotation/index.ts": {"path":"/home/l00k/Server/100k/phala-stats/ui/src/core/inti5/api-backend/Annotation/index.ts","statementMap":{"0":{"start":{"line":1,"column":0},"end":{"line":1,"column":27}},"1":{"start":{"line":2,"column":0},"end":{"line":2,"column":27}},"2":{"start":{"line":3,"column":0},"end":{"line":3,"column":29}},"3":{"start":{"line":4,"column":0},"end":{"line":4,"column":33}},"4":{"start":{"line":5,"column":0},"end":{"line":5,"column":36}}},"fnMap":{},"branchMap":{},"s":{"0":2,"1":2,"2":2,"3":2,"4":2},"f":{},"b":{}}
,"/home/l00k/Server/100k/phala-stats/ui/src/core/inti5/api-backend/Domain/CollectionRequest.ts": {"path":"/home/l00k/Server/100k/phala-stats/ui/src/core/inti5/api-backend/Domain/CollectionRequest.ts","statementMap":{"0":{"start":{"line":1,"column":0},"end":{"line":1,"column":39}},"1":{"start":{"line":2,"column":0},"end":{"line":2,"column":43}},"2":{"start":{"line":3,"column":0},"end":{"line":3,"column":42}},"3":{"start":{"line":9,"column":42},"end":{"line":9,"column":44}},"4":{"start":{"line":12,"column":41},"end":{"line":12,"column":43}},"5":{"start":{"line":15,"column":37},"end":{"line":15,"column":53}},"6":{"start":{"line":9,"column":4},"end":{"line":9,"column":null}},"7":{"start":{"line":12,"column":4},"end":{"line":12,"column":null}},"8":{"start":{"line":15,"column":4},"end":{"line":15,"column":null}},"9":{"start":{"line":5,"column":0},"end":{"line":5,"column":13}}},"fnMap":{},"branchMap":{},"s":{"0":2,"1":2,"2":2,"3":4,"4":4,"5":4,"6":2,"7":2,"8":2,"9":2},"f":{},"b":{}}
,"/home/l00k/Server/100k/phala-stats/ui/src/core/inti5/api-backend/Domain/Pagination.ts": {"path":"/home/l00k/Server/100k/phala-stats/ui/src/core/inti5/api-backend/Domain/Pagination.ts","statementMap":{"0":{"start":{"line":4,"column":27},"end":{"line":4,"column":28}},"1":{"start":{"line":6,"column":35},"end":{"line":6,"column":37}},"2":{"start":{"line":10,"column":8},"end":{"line":10,"column":51}},"3":{"start":{"line":1,"column":0},"end":{"line":1,"column":13}}},"fnMap":{"0":{"name":"(anonymous_0)","decl":{"start":{"line":8,"column":4},"end":{"line":8,"column":15}},"loc":{"start":{"line":8,"column":21},"end":{"line":11,"column":5}}}},"branchMap":{},"s":{"0":11,"1":11,"2":1,"3":2},"f":{"0":1},"b":{}}
,"/home/l00k/Server/100k/phala-stats/ui/src/core/inti5/api-backend/Domain/index.ts": {"path":"/home/l00k/Server/100k/phala-stats/ui/src/core/inti5/api-backend/Domain/index.ts","statementMap":{"0":{"start":{"line":1,"column":0},"end":{"line":1,"column":29}},"1":{"start":{"line":2,"column":0},"end":{"line":2,"column":36}}},"fnMap":{},"branchMap":{},"s":{"0":2,"1":2},"f":{},"b":{}}
,"/home/l00k/Server/100k/phala-stats/ui/src/core/inti5/api/Annotation/Deserializer.ts": {"path":"/home/l00k/Server/100k/phala-stats/ui/src/core/inti5/api/Annotation/Deserializer.ts","statementMap":{"0":{"start":{"line":1,"column":0},"end":{"line":1,"column":54}},"1":{"start":{"line":3,"column":0},"end":{"line":3,"column":53}},"2":{"start":{"line":9,"column":4},"end":{"line":9,"column":28}},"3":{"start":{"line":11,"column":4},"end":{"line":18,"column":6}},"4":{"start":{"line":12,"column":20},"end":{"line":12,"column":77}},"5":{"start":{"line":14,"column":8},"end":{"line":17,"column":10}},"6":{"start":{"line":21,"column":9},"end":{"line":21,"column":21}}},"fnMap":{"0":{"name":"Deserializer","decl":{"start":{"line":7,"column":9},"end":{"line":7,"column":21}},"loc":{"start":{"line":7,"column":65},"end":{"line":19,"column":1}}},"1":{"name":"(anonymous_1)","decl":{"start":{"line":11,"column":11},"end":{"line":11,"column":12}},"loc":{"start":{"line":11,"column":43},"end":{"line":18,"column":5}}}},"branchMap":{"0":{"loc":{"start":{"line":9,"column":14},"end":{"line":9,"column":27}},"type":"binary-expr","locations":[{"start":{"line":9,"column":14},"end":{"line":9,"column":21}},{"start":{"line":9,"column":25},"end":{"line":9,"column":27}}]}},"s":{"0":6,"1":6,"2":21,"3":21,"4":21,"5":21,"6":6},"f":{"0":21,"1":21},"b":{"0":[21,14]}}
,"/home/l00k/Server/100k/phala-stats/ui/src/core/inti5/api/Annotation/Groups.ts": {"path":"/home/l00k/Server/100k/phala-stats/ui/src/core/inti5/api/Annotation/Groups.ts","statementMap":{"0":{"start":{"line":1,"column":0},"end":{"line":1,"column":54}},"1":{"start":{"line":2,"column":0},"end":{"line":2,"column":53}},"2":{"start":{"line":6,"column":4},"end":{"line":14,"column":6}},"3":{"start":{"line":7,"column":20},"end":{"line":7,"column":77}},"4":{"start":{"line":9,"column":8},"end":{"line":13,"column":10}},"5":{"start":{"line":4,"column":0},"end":{"line":4,"column":16}}},"fnMap":{"0":{"name":"Groups","decl":{"start":{"line":4,"column":16},"end":{"line":4,"column":22}},"loc":{"start":{"line":4,"column":41},"end":{"line":15,"column":1}}},"1":{"name":"(anonymous_1)","decl":{"start":{"line":6,"column":11},"end":{"line":6,"column":12}},"loc":{"start":{"line":6,"column":64},"end":{"line":14,"column":5}}}},"branchMap":{},"s":{"0":6,"1":6,"2":20,"3":20,"4":20,"5":6},"f":{"0":20,"1":20},"b":{}}
,"/home/l00k/Server/100k/phala-stats/ui/src/core/inti5/api/Annotation/Id.ts": {"path":"/home/l00k/Server/100k/phala-stats/ui/src/core/inti5/api/Annotation/Id.ts","statementMap":{"0":{"start":{"line":1,"column":0},"end":{"line":1,"column":54}},"1":{"start":{"line":2,"column":0},"end":{"line":2,"column":53}},"2":{"start":{"line":7,"column":4},"end":{"line":19,"column":6}},"3":{"start":{"line":8,"column":20},"end":{"line":8,"column":77}},"4":{"start":{"line":10,"column":8},"end":{"line":18,"column":10}},"5":{"start":{"line":22,"column":9},"end":{"line":22,"column":11}}},"fnMap":{"0":{"name":"Id","decl":{"start":{"line":5,"column":9},"end":{"line":5,"column":11}},"loc":{"start":{"line":5,"column":11},"end":{"line":20,"column":1}}},"1":{"name":"(anonymous_1)","decl":{"start":{"line":7,"column":11},"end":{"line":7,"column":12}},"loc":{"start":{"line":7,"column":64},"end":{"line":19,"column":5}}}},"branchMap":{},"s":{"0":6,"1":6,"2":6,"3":6,"4":6,"5":6},"f":{"0":6,"1":6},"b":{}}
,"/home/l00k/Server/100k/phala-stats/ui/src/core/inti5/api/Annotation/Property.ts": {"path":"/home/l00k/Server/100k/phala-stats/ui/src/core/inti5/api/Annotation/Property.ts","statementMap":{"0":{"start":{"line":1,"column":0},"end":{"line":1,"column":54}},"1":{"start":{"line":3,"column":0},"end":{"line":3,"column":53}},"2":{"start":{"line":21,"column":58},"end":{"line":21,"column":62}},"3":{"start":{"line":22,"column":45},"end":{"line":22,"column":47}},"4":{"start":{"line":24,"column":4},"end":{"line":38,"column":null}},"5":{"start":{"line":25,"column":8},"end":{"line":30,"column":null}},"6":{"start":{"line":26,"column":12},"end":{"line":26,"column":34}},"7":{"start":{"line":29,"column":12},"end":{"line":29,"column":35}},"8":{"start":{"line":32,"column":9},"end":{"line":38,"column":null}},"9":{"start":{"line":33,"column":8},"end":{"line":33,"column":30}},"10":{"start":{"line":34,"column":8},"end":{"line":37,"column":10}},"11":{"start":{"line":41,"column":4},"end":{"line":45,"column":6}},"12":{"start":{"line":48,"column":4},"end":{"line":56,"column":null}},"13":{"start":{"line":49,"column":21},"end":{"line":49,"column":37}},"14":{"start":{"line":50,"column":8},"end":{"line":52,"column":null}},"15":{"start":{"line":51,"column":12},"end":{"line":51,"column":43}},"16":{"start":{"line":51,"column":35},"end":{"line":51,"column":42}},"17":{"start":{"line":55,"column":8},"end":{"line":55,"column":30}},"18":{"start":{"line":58,"column":4},"end":{"line":66,"column":6}},"19":{"start":{"line":59,"column":20},"end":{"line":59,"column":77}},"20":{"start":{"line":61,"column":8},"end":{"line":65,"column":10}},"21":{"start":{"line":70,"column":4},"end":{"line":70,"column":12}}},"fnMap":{"0":{"name":"Property","decl":{"start":{"line":19,"column":9},"end":{"line":19,"column":17}},"loc":{"start":{"line":19,"column":17},"end":{"line":67,"column":1}}},"1":{"name":"(anonymous_1)","decl":{"start":{"line":51,"column":29},"end":{"line":51,"column":32}},"loc":{"start":{"line":51,"column":35},"end":{"line":51,"column":42}}},"2":{"name":"(anonymous_2)","decl":{"start":{"line":58,"column":11},"end":{"line":58,"column":12}},"loc":{"start":{"line":58,"column":64},"end":{"line":66,"column":5}}}},"branchMap":{"0":{"loc":{"start":{"line":24,"column":4},"end":{"line":38,"column":null}},"type":"if","locations":[{"start":{"line":24,"column":4},"end":{"line":38,"column":null}},{"start":{"line":32,"column":9},"end":{"line":38,"column":null}}]},"1":{"loc":{"start":{"line":25,"column":8},"end":{"line":30,"column":null}},"type":"if","locations":[{"start":{"line":25,"column":8},"end":{"line":30,"column":null}},{"start":{"line":28,"column":13},"end":{"line":30,"column":null}}]},"2":{"loc":{"start":{"line":32,"column":9},"end":{"line":38,"column":null}},"type":"if","locations":[{"start":{"line":32,"column":9},"end":{"line":38,"column":null}}]},"3":{"loc":{"start":{"line":48,"column":4},"end":{"line":56,"column":null}},"type":"if","locations":[{"start":{"line":48,"column":4},"end":{"line":56,"column":null}},{"start":{"line":54,"column":9},"end":{"line":56,"column":null}}]},"4":{"loc":{"start":{"line":50,"column":8},"end":{"line":52,"column":null}},"type":"if","locations":[{"start":{"line":50,"column":8},"end":{"line":52,"column":null}}]}},"s":{"0":6,"1":6,"2":30,"3":30,"4":30,"5":8,"6":4,"7":4,"8":22,"9":2,"10":2,"11":30,"12":30,"13":8,"14":8,"15":4,"16":4,"17":22,"18":30,"19":30,"20":30,"21":6},"f":{"0":30,"1":4,"2":30},"b":{"0":[8,22],"1":[4,4],"2":[2],"3":[8,22],"4":[4]}}
,"/home/l00k/Server/100k/phala-stats/ui/src/core/inti5/api/Annotation/Resource.ts": {"path":"/home/l00k/Server/100k/phala-stats/ui/src/core/inti5/api/Annotation/Resource.ts","statementMap":{"0":{"start":{"line":1,"column":0},"end":{"line":1,"column":54}},"1":{"start":{"line":2,"column":0},"end":{"line":2,"column":53}},"2":{"start":{"line":14,"column":24},"end":{"line":14,"column":33}},"3":{"start":{"line":15,"column":36},"end":{"line":15,"column":38}},"4":{"start":{"line":17,"column":4},"end":{"line":28,"column":null}},"5":{"start":{"line":18,"column":8},"end":{"line":23,"column":null}},"6":{"start":{"line":19,"column":12},"end":{"line":19,"column":43}},"7":{"start":{"line":22,"column":12},"end":{"line":22,"column":35}},"8":{"start":{"line":25,"column":9},"end":{"line":28,"column":null}},"9":{"start":{"line":26,"column":8},"end":{"line":26,"column":28}},"10":{"start":{"line":27,"column":8},"end":{"line":27,"column":31}},"11":{"start":{"line":30,"column":4},"end":{"line":38,"column":6}},"12":{"start":{"line":31,"column":20},"end":{"line":31,"column":77}},"13":{"start":{"line":33,"column":8},"end":{"line":37,"column":10}},"14":{"start":{"line":41,"column":9},"end":{"line":41,"column":17}}},"fnMap":{"0":{"name":"Resource","decl":{"start":{"line":12,"column":9},"end":{"line":12,"column":17}},"loc":{"start":{"line":12,"column":17},"end":{"line":39,"column":1}}},"1":{"name":"(anonymous_1)","decl":{"start":{"line":30,"column":11},"end":{"line":30,"column":12}},"loc":{"start":{"line":30,"column":43},"end":{"line":38,"column":5}}}},"branchMap":{"0":{"loc":{"start":{"line":17,"column":4},"end":{"line":28,"column":null}},"type":"if","locations":[{"start":{"line":17,"column":4},"end":{"line":28,"column":null}},{"start":{"line":25,"column":9},"end":{"line":28,"column":null}}]},"1":{"loc":{"start":{"line":18,"column":8},"end":{"line":23,"column":null}},"type":"if","locations":[{"start":{"line":18,"column":8},"end":{"line":23,"column":null}},{"start":{"line":21,"column":13},"end":{"line":23,"column":null}}]},"2":{"loc":{"start":{"line":25,"column":9},"end":{"line":28,"column":null}},"type":"if","locations":[{"start":{"line":25,"column":9},"end":{"line":28,"column":null}}]}},"s":{"0":6,"1":6,"2":12,"3":12,"4":12,"5":3,"6":2,"7":1,"8":9,"9":1,"10":1,"11":12,"12":12,"13":12,"14":6},"f":{"0":12,"1":12},"b":{"0":[3,9],"1":[2,1],"2":[1]}}
,"/home/l00k/Server/100k/phala-stats/ui/src/core/inti5/api/Annotation/Serializer.ts": {"path":"/home/l00k/Server/100k/phala-stats/ui/src/core/inti5/api/Annotation/Serializer.ts","statementMap":{"0":{"start":{"line":1,"column":0},"end":{"line":1,"column":54}},"1":{"start":{"line":2,"column":0},"end":{"line":2,"column":53}},"2":{"start":{"line":9,"column":4},"end":{"line":9,"column":28}},"3":{"start":{"line":11,"column":4},"end":{"line":18,"column":6}},"4":{"start":{"line":12,"column":20},"end":{"line":12,"column":77}},"5":{"start":{"line":14,"column":8},"end":{"line":17,"column":10}},"6":{"start":{"line":21,"column":9},"end":{"line":21,"column":19}}},"fnMap":{"0":{"name":"Serializer","decl":{"start":{"line":7,"column":9},"end":{"line":7,"column":19}},"loc":{"start":{"line":7,"column":61},"end":{"line":19,"column":1}}},"1":{"name":"(anonymous_1)","decl":{"start":{"line":11,"column":11},"end":{"line":11,"column":12}},"loc":{"start":{"line":11,"column":43},"end":{"line":18,"column":5}}}},"branchMap":{"0":{"loc":{"start":{"line":9,"column":14},"end":{"line":9,"column":27}},"type":"binary-expr","locations":[{"start":{"line":9,"column":14},"end":{"line":9,"column":21}},{"start":{"line":9,"column":25},"end":{"line":9,"column":27}}]}},"s":{"0":6,"1":6,"2":21,"3":21,"4":21,"5":21,"6":6},"f":{"0":21,"1":21},"b":{"0":[21,14]}}
,"/home/l00k/Server/100k/phala-stats/ui/src/core/inti5/api/Annotation/index.ts": {"path":"/home/l00k/Server/100k/phala-stats/ui/src/core/inti5/api/Annotation/index.ts","statementMap":{"0":{"start":{"line":1,"column":0},"end":{"line":1,"column":21}},"1":{"start":{"line":2,"column":0},"end":{"line":2,"column":25}},"2":{"start":{"line":3,"column":0},"end":{"line":3,"column":27}},"3":{"start":{"line":4,"column":0},"end":{"line":4,"column":27}},"4":{"start":{"line":5,"column":0},"end":{"line":5,"column":29}},"5":{"start":{"line":6,"column":0},"end":{"line":6,"column":31}}},"fnMap":{},"branchMap":{},"s":{"0":6,"1":6,"2":6,"3":6,"4":6,"5":6},"f":{},"b":{}}
,"/home/l00k/Server/100k/phala-stats/ui/src/core/inti5/api/Serialization/CommonProcessor.ts": {"path":"/home/l00k/Server/100k/phala-stats/ui/src/core/inti5/api/Serialization/CommonProcessor.ts","statementMap":{"0":{"start":{"line":1,"column":0},"end":{"line":1,"column":47}},"1":{"start":{"line":3,"column":0},"end":{"line":3,"column":53}},"2":{"start":{"line":16,"column":31},"end":{"line":21,"column":10}},"3":{"start":{"line":23,"column":8},"end":{"line":30,"column":null}},"4":{"start":{"line":24,"column":12},"end":{"line":29,"column":null}},"5":{"start":{"line":25,"column":16},"end":{"line":25,"column":40}},"6":{"start":{"line":26,"column":16},"end":{"line":26,"column":50}},"7":{"start":{"line":27,"column":16},"end":{"line":27,"column":58}},"8":{"start":{"line":28,"column":16},"end":{"line":28,"column":68}},"9":{"start":{"line":32,"column":8},"end":{"line":32,"column":19}},"10":{"start":{"line":9,"column":4},"end":{"line":9,"column":null}},"11":{"start":{"line":5,"column":0},"end":{"line":5,"column":30}}},"fnMap":{"0":{"name":"(anonymous_0)","decl":{"start":{"line":11,"column":14},"end":{"line":11,"column":49}},"loc":{"start":{"line":13,"column":40},"end":{"line":33,"column":5}}}},"branchMap":{"0":{"loc":{"start":{"line":23,"column":8},"end":{"line":30,"column":null}},"type":"if","locations":[{"start":{"line":23,"column":8},"end":{"line":30,"column":null}}]}},"s":{"0":6,"1":6,"2":11,"3":11,"4":2,"5":2,"6":2,"7":2,"8":2,"9":11,"10":6,"11":6},"f":{"0":11},"b":{"0":[2]}}
,"/home/l00k/Server/100k/phala-stats/ui/src/core/inti5/api/Serialization/DataDeserializer.ts": {"path":"/home/l00k/Server/100k/phala-stats/ui/src/core/inti5/api/Serialization/DataDeserializer.ts","statementMap":{"0":{"start":{"line":1,"column":0},"end":{"line":1,"column":58}},"1":{"start":{"line":2,"column":0},"end":{"line":2,"column":57}},"2":{"start":{"line":3,"column":0},"end":{"line":3,"column":43}},"3":{"start":{"line":5,"column":0},"end":{"line":5,"column":58}},"4":{"start":{"line":6,"column":0},"end":{"line":6,"column":30}},"5":{"start":{"line":8,"column":0},"end":{"line":8,"column":70}},"6":{"start":{"line":14,"column":0},"end":{"line":51,"column":null}},"7":{"start":{"line":24,"column":29},"end":{"line":24,"column":55}},"8":{"start":{"line":25,"column":8},"end":{"line":27,"column":null}},"9":{"start":{"line":26,"column":12},"end":{"line":26,"column":110}},"10":{"start":{"line":29,"column":41},"end":{"line":29,"column":92}},"11":{"start":{"line":30,"column":8},"end":{"line":32,"column":null}},"12":{"start":{"line":31,"column":12},"end":{"line":31,"column":100}},"13":{"start":{"line":34,"column":28},"end":{"line":34,"column":83}},"14":{"start":{"line":36,"column":36},"end":{"line":38,"column":null}},"15":{"start":{"line":41,"column":29},"end":{"line":45,"column":null}},"16":{"start":{"line":48,"column":8},"end":{"line":48,"column":86}},"17":{"start":{"line":14,"column":21},"end":{"line":51,"column":null}},"18":{"start":{"line":14,"column":21},"end":{"line":14,"column":null}}},"fnMap":{"0":{"name":"(anonymous_0)","decl":{"start":{"line":18,"column":11},"end":{"line":18,"column":18}},"loc":{"start":{"line":21,"column":43},"end":{"line":49,"column":5}}}},"branchMap":{"0":{"loc":{"start":{"line":25,"column":8},"end":{"line":27,"column":null}},"type":"if","locations":[{"start":{"line":25,"column":8},"end":{"line":27,"column":null}}]},"1":{"loc":{"start":{"line":30,"column":8},"end":{"line":32,"column":null}},"type":"if","locations":[{"start":{"line":30,"column":8},"end":{"line":32,"column":null}}]}},"s":{"0":6,"1":6,"2":6,"3":6,"4":6,"5":6,"6":6,"7":7,"8":7,"9":2,"10":5,"11":5,"12":1,"13":4,"14":4,"15":4,"16":4,"17":6,"18":6},"f":{"0":7},"b":{"0":[2],"1":[1]}}
,"/home/l00k/Server/100k/phala-stats/ui/src/core/inti5/api/Serialization/DeserializationProcessor.ts": {"path":"/home/l00k/Server/100k/phala-stats/ui/src/core/inti5/api/Serialization/DeserializationProcessor.ts","statementMap":{"0":{"start":{"line":1,"column":0},"end":{"line":1,"column":52}},"1":{"start":{"line":3,"column":0},"end":{"line":3,"column":48}},"2":{"start":{"line":20,"column":8},"end":{"line":21,"column":40}},"3":{"start":{"line":5,"column":0},"end":{"line":5,"column":22}}},"fnMap":{"0":{"name":"(anonymous_0)","decl":{"start":{"line":15,"column":11},"end":{"line":15,"column":20}},"loc":{"start":{"line":17,"column":38},"end":{"line":22,"column":5}}}},"branchMap":{"0":{"loc":{"start":{"line":20,"column":15},"end":{"line":21,"column":39}},"type":"binary-expr","locations":[{"start":{"line":20,"column":15},"end":{"line":20,"column":42}},{"start":{"line":21,"column":15},"end":{"line":21,"column":39}}]}},"s":{"0":6,"1":6,"2":8,"3":6},"f":{"0":8},"b":{"0":[8,8]}}
,"/home/l00k/Server/100k/phala-stats/ui/src/core/inti5/api/Serialization/ObjectSerializer.ts": {"path":"/home/l00k/Server/100k/phala-stats/ui/src/core/inti5/api/Serialization/ObjectSerializer.ts","statementMap":{"0":{"start":{"line":1,"column":0},"end":{"line":1,"column":58}},"1":{"start":{"line":2,"column":0},"end":{"line":2,"column":57}},"2":{"start":{"line":3,"column":0},"end":{"line":3,"column":43}},"3":{"start":{"line":4,"column":0},"end":{"line":4,"column":54}},"4":{"start":{"line":5,"column":0},"end":{"line":5,"column":30}},"5":{"start":{"line":6,"column":0},"end":{"line":6,"column":66}},"6":{"start":{"line":12,"column":0},"end":{"line":42,"column":null}},"7":{"start":{"line":22,"column":28},"end":{"line":22,"column":85}},"8":{"start":{"line":23,"column":8},"end":{"line":25,"column":null}},"9":{"start":{"line":24,"column":12},"end":{"line":24,"column":106}},"10":{"start":{"line":27,"column":36},"end":{"line":29,"column":null}},"11":{"start":{"line":32,"column":29},"end":{"line":36,"column":null}},"12":{"start":{"line":39,"column":8},"end":{"line":39,"column":67}},"13":{"start":{"line":12,"column":21},"end":{"line":42,"column":null}},"14":{"start":{"line":12,"column":21},"end":{"line":12,"column":null}}},"fnMap":{"0":{"name":"(anonymous_0)","decl":{"start":{"line":16,"column":11},"end":{"line":16,"column":18}},"loc":{"start":{"line":19,"column":43},"end":{"line":40,"column":5}}}},"branchMap":{"0":{"loc":{"start":{"line":23,"column":8},"end":{"line":25,"column":null}},"type":"if","locations":[{"start":{"line":23,"column":8},"end":{"line":25,"column":null}}]}},"s":{"0":6,"1":6,"2":6,"3":6,"4":6,"5":6,"6":6,"7":8,"8":8,"9":1,"10":7,"11":7,"12":7,"13":6,"14":6},"f":{"0":8},"b":{"0":[1]}}
,"/home/l00k/Server/100k/phala-stats/ui/src/core/inti5/api/Serialization/SerializationProcessor.ts": {"path":"/home/l00k/Server/100k/phala-stats/ui/src/core/inti5/api/Serialization/SerializationProcessor.ts","statementMap":{"0":{"start":{"line":1,"column":0},"end":{"line":1,"column":52}},"1":{"start":{"line":3,"column":0},"end":{"line":3,"column":48}},"2":{"start":{"line":20,"column":8},"end":{"line":21,"column":41}},"3":{"start":{"line":5,"column":0},"end":{"line":5,"column":22}}},"fnMap":{"0":{"name":"(anonymous_0)","decl":{"start":{"line":15,"column":11},"end":{"line":15,"column":20}},"loc":{"start":{"line":17,"column":38},"end":{"line":22,"column":5}}}},"branchMap":{"0":{"loc":{"start":{"line":20,"column":15},"end":{"line":21,"column":40}},"type":"binary-expr","locations":[{"start":{"line":20,"column":15},"end":{"line":20,"column":42}},{"start":{"line":21,"column":15},"end":{"line":21,"column":40}}]}},"s":{"0":6,"1":6,"2":8,"3":6},"f":{"0":8},"b":{"0":[8,8]}}
,"/home/l00k/Server/100k/phala-stats/ui/src/core/inti5/configuration/Configuration.ts": {"path":"/home/l00k/Server/100k/phala-stats/ui/src/core/inti5/configuration/Configuration.ts","statementMap":{"0":{"start":{"line":1,"column":0},"end":{"line":1,"column":52}},"1":{"start":{"line":2,"column":0},"end":{"line":2,"column":58}},"2":{"start":{"line":3,"column":0},"end":{"line":3,"column":73}},"3":{"start":{"line":4,"column":0},"end":{"line":4,"column":61}},"4":{"start":{"line":19,"column":44},"end":{"line":19,"column":92}},"5":{"start":{"line":22,"column":40},"end":{"line":22,"column":49}},"6":{"start":{"line":24,"column":41},"end":{"line":24,"column":43}},"7":{"start":{"line":29,"column":8},"end":{"line":31,"column":null}},"8":{"start":{"line":30,"column":12},"end":{"line":30,"column":72}},"9":{"start":{"line":33,"column":8},"end":{"line":33,"column":53}},"10":{"start":{"line":41,"column":8},"end":{"line":43,"column":null}},"11":{"start":{"line":42,"column":12},"end":{"line":42,"column":57}},"12":{"start":{"line":45,"column":8},"end":{"line":55,"column":15}},"13":{"start":{"line":48,"column":35},"end":{"line":48,"column":83}},"14":{"start":{"line":49,"column":16},"end":{"line":54,"column":null}},"15":{"start":{"line":50,"column":20},"end":{"line":53,"column":null}},"16":{"start":{"line":51,"column":65},"end":{"line":51,"column":89}},"17":{"start":{"line":52,"column":24},"end":{"line":52,"column":102}},"18":{"start":{"line":64,"column":31},"end":{"line":64,"column":69}},"19":{"start":{"line":65,"column":8},"end":{"line":68,"column":null}},"20":{"start":{"line":66,"column":12},"end":{"line":66,"column":34}},"21":{"start":{"line":67,"column":12},"end":{"line":67,"column":69}},"22":{"start":{"line":70,"column":8},"end":{"line":70,"column":62}},"23":{"start":{"line":76,"column":8},"end":{"line":76,"column":40}},"24":{"start":{"line":81,"column":8},"end":{"line":94,"column":null}},"25":{"start":{"line":82,"column":27},"end":{"line":82,"column":57}},"26":{"start":{"line":84,"column":12},"end":{"line":89,"column":null}},"27":{"start":{"line":85,"column":16},"end":{"line":85,"column":65}},"28":{"start":{"line":88,"column":16},"end":{"line":88,"column":48}},"29":{"start":{"line":91,"column":12},"end":{"line":93,"column":null}},"30":{"start":{"line":92,"column":16},"end":{"line":92,"column":57}},"31":{"start":{"line":100,"column":8},"end":{"line":107,"column":null}},"32":{"start":{"line":101,"column":12},"end":{"line":106,"column":null}},"33":{"start":{"line":102,"column":16},"end":{"line":102,"column":126}},"34":{"start":{"line":105,"column":16},"end":{"line":105,"column":36}},"35":{"start":{"line":109,"column":8},"end":{"line":109,"column":31}},"36":{"start":{"line":16,"column":0},"end":{"line":16,"column":21}}},"fnMap":{"0":{"name":"(anonymous_0)","decl":{"start":{"line":27,"column":11},"end":{"line":27,"column":17}},"loc":{"start":{"line":27,"column":30},"end":{"line":34,"column":5}}},"1":{"name":"(anonymous_1)","decl":{"start":{"line":36,"column":11},"end":{"line":36,"column":36}},"loc":{"start":{"line":38,"column":37},"end":{"line":56,"column":5}}},"2":{"name":"(anonymous_2)","decl":{"start":{"line":47,"column":21},"end":{"line":47,"column":30}},"loc":{"start":{"line":47,"column":33},"end":{"line":55,"column":13}}},"3":{"name":"(anonymous_3)","decl":{"start":{"line":58,"column":11},"end":{"line":58,"column":28}},"loc":{"start":{"line":61,"column":51},"end":{"line":71,"column":5}}},"4":{"name":"(anonymous_4)","decl":{"start":{"line":74,"column":11},"end":{"line":74,"column":15}},"loc":{"start":{"line":74,"column":47},"end":{"line":77,"column":5}}},"5":{"name":"(anonymous_5)","decl":{"start":{"line":79,"column":14},"end":{"line":79,"column":28}},"loc":{"start":{"line":79,"column":55},"end":{"line":95,"column":5}}},"6":{"name":"(anonymous_6)","decl":{"start":{"line":98,"column":11},"end":{"line":98,"column":14}},"loc":{"start":{"line":98,"column":54},"end":{"line":110,"column":5}}}},"branchMap":{"0":{"loc":{"start":{"line":29,"column":8},"end":{"line":31,"column":null}},"type":"if","locations":[{"start":{"line":29,"column":8},"end":{"line":31,"column":null}}]},"1":{"loc":{"start":{"line":41,"column":8},"end":{"line":43,"column":null}},"type":"if","locations":[{"start":{"line":41,"column":8},"end":{"line":43,"column":null}}]},"2":{"loc":{"start":{"line":49,"column":16},"end":{"line":54,"column":null}},"type":"if","locations":[{"start":{"line":49,"column":16},"end":{"line":54,"column":null}}]},"3":{"loc":{"start":{"line":65,"column":8},"end":{"line":68,"column":null}},"type":"if","locations":[{"start":{"line":65,"column":8},"end":{"line":68,"column":null}}]},"4":{"loc":{"start":{"line":74,"column":29},"end":{"line":74,"column":47}},"type":"default-arg","locations":[{"start":{"line":74,"column":45},"end":{"line":74,"column":47}}]},"5":{"loc":{"start":{"line":82,"column":35},"end":{"line":82,"column":50}},"type":"cond-expr","locations":[{"start":{"line":82,"column":42},"end":{"line":82,"column":45}},{"start":{"line":82,"column":48},"end":{"line":82,"column":50}}]},"6":{"loc":{"start":{"line":84,"column":12},"end":{"line":89,"column":null}},"type":"if","locations":[{"start":{"line":84,"column":12},"end":{"line":89,"column":null}},{"start":{"line":87,"column":17},"end":{"line":89,"column":null}}]},"7":{"loc":{"start":{"line":91,"column":12},"end":{"line":93,"column":null}},"type":"if","locations":[{"start":{"line":91,"column":12},"end":{"line":93,"column":null}}]},"8":{"loc":{"start":{"line":100,"column":8},"end":{"line":107,"column":null}},"type":"if","locations":[{"start":{"line":100,"column":8},"end":{"line":107,"column":null}}]},"9":{"loc":{"start":{"line":101,"column":12},"end":{"line":106,"column":null}},"type":"if","locations":[{"start":{"line":101,"column":12},"end":{"line":106,"column":null}},{"start":{"line":104,"column":17},"end":{"line":106,"column":null}}]}},"s":{"0":1,"1":1,"2":1,"3":1,"4":1,"5":5,"6":5,"7":11,"8":5,"9":11,"10":4,"11":4,"12":4,"13":5,"14":5,"15":5,"16":6,"17":6,"18":6,"19":6,"20":5,"21":5,"22":6,"23":6,"24":16,"25":25,"26":25,"27":1,"28":24,"29":25,"30":10,"31":9,"32":2,"33":1,"34":1,"35":7,"36":1},"f":{"0":11,"1":4,"2":5,"3":6,"4":6,"5":16,"6":9},"b":{"0":[5],"1":[4],"2":[5],"3":[5],"4":[6],"5":[19,6],"6":[1,24],"7":[10],"8":[2],"9":[1,1]}}
,"/home/l00k/Server/100k/phala-stats/ui/src/core/inti5/configuration/def.ts": {"path":"/home/l00k/Server/100k/phala-stats/ui/src/core/inti5/configuration/def.ts","statementMap":{"0":{"start":{"line":1,"column":0},"end":{"line":1,"column":13}}},"fnMap":{},"branchMap":{},"s":{"0":1},"f":{},"b":{}}
,"/home/l00k/Server/100k/phala-stats/ui/src/core/inti5/configuration/index.ts": {"path":"/home/l00k/Server/100k/phala-stats/ui/src/core/inti5/configuration/index.ts","statementMap":{"0":{"start":{"line":1,"column":0},"end":{"line":1,"column":7}},"1":{"start":{"line":6,"column":4},"end":{"line":1,"column":41}},"2":{"start":{"line":2,"column":0},"end":{"line":2,"column":7}},"3":{"start":{"line":7,"column":4},"end":{"line":2,"column":44}}},"fnMap":{},"branchMap":{},"s":{"0":1,"1":1,"2":1,"3":1},"f":{},"b":{}}
,"/home/l00k/Server/100k/phala-stats/ui/src/core/inti5/configuration/Annotation/Config.ts": {"path":"/home/l00k/Server/100k/phala-stats/ui/src/core/inti5/configuration/Annotation/Config.ts","statementMap":{"0":{"start":{"line":1,"column":0},"end":{"line":1,"column":45}},"1":{"start":{"line":2,"column":0},"end":{"line":2,"column":46}},"2":{"start":{"line":9,"column":4},"end":{"line":15,"column":6}},"3":{"start":{"line":10,"column":28},"end":{"line":10,"column":54}},"4":{"start":{"line":11,"column":8},"end":{"line":11,"column":65}},"5":{"start":{"line":13,"column":8},"end":{"line":14,"column":85}},"6":{"start":{"line":5,"column":0},"end":{"line":5,"column":24}}},"fnMap":{"0":{"name":"Config","decl":{"start":{"line":5,"column":24},"end":{"line":5,"column":30}},"loc":{"start":{"line":7,"column":34},"end":{"line":16,"column":1}}},"1":{"name":"(anonymous_1)","decl":{"start":{"line":9,"column":11},"end":{"line":9,"column":12}},"loc":{"start":{"line":9,"column":67},"end":{"line":15,"column":5}}}},"branchMap":{"0":{"loc":{"start":{"line":7,"column":4},"end":{"line":7,"column":34}},"type":"default-arg","locations":[{"start":{"line":7,"column":25},"end":{"line":7,"column":34}}]}},"s":{"0":1,"1":1,"2":6,"3":6,"4":6,"5":6,"6":1},"f":{"0":6,"1":6},"b":{"0":[5]}}
[...]
,"/home/l00k/Server/100k/phala-stats/ui/src/core/inti5/validator/index.ts": {"path":"/home/l00k/Server/100k/phala-stats/ui/src/core/inti5/validator/index.ts","statementMap":{"0":{"start":{"line":1,"column":0},"end":{"line":1,"column":7}},"1":{"start":{"line":4,"column":4},"end":{"line":1,"column":56}}},"fnMap":{},"branchMap":{},"s":{"0":3,"1":3},"f":{},"b":{}}
,"/home/l00k/Server/100k/phala-stats/ui/src/core/inti5/validator/validateJsExt.ts": {"path":"/home/l00k/Server/100k/phala-stats/ui/src/core/inti5/validator/validateJsExt.ts","statementMap":{"0":{"start":{"line":1,"column":0},"end":{"line":1,"column":40}},"1":{"start":{"line":3,"column":0},"end":{"line":16,"column":2}},"2":{"start":{"line":4,"column":17},"end":{"line":4,"column":19}},"3":{"start":{"line":5,"column":4},"end":{"line":14,"column":7}},"4":{"start":{"line":6,"column":8},"end":{"line":8,"column":null}},"5":{"start":{"line":7,"column":12},"end":{"line":7,"column":41}},"6":{"start":{"line":10,"column":8},"end":{"line":13,"column":11}},"7":{"start":{"line":15,"column":4},"end":{"line":15,"column":18}},"8":{"start":{"line":18,"column":0},"end":{"line":21,"column":2}},"9":{"start":{"line":19,"column":4},"end":{"line":20,"column":34}},"10":{"start":{"line":23,"column":0},"end":{"line":23,"column":29}}},"fnMap":{"0":{"name":"(anonymous_0)","decl":{"start":{"line":3,"column":33},"end":{"line":3,"column":42}},"loc":{"start":{"line":3,"column":56},"end":{"line":16,"column":1}}},"1":{"name":"(anonymous_1)","decl":{"start":{"line":5,"column":19},"end":{"line":5,"column":20}},"loc":{"start":{"line":5,"column":29},"end":{"line":14,"column":5}}},"2":{"name":"(anonymous_2)","decl":{"start":{"line":18,"column":46},"end":{"line":18,"column":55}},"loc":{"start":{"line":18,"column":66},"end":{"line":21,"column":1}}}},"branchMap":{"0":{"loc":{"start":{"line":6,"column":8},"end":{"line":8,"column":null}},"type":"if","locations":[{"start":{"line":6,"column":8},"end":{"line":8,"column":null}}]},"1":{"loc":{"start":{"line":19,"column":11},"end":{"line":20,"column":33}},"type":"binary-expr","locations":[{"start":{"line":19,"column":12},"end":{"line":19,"column":67}},{"start":{"line":20,"column":11},"end":{"line":20,"column":33}}]}},"s":{"0":7,"1":7,"2":288,"3":288,"4":15,"5":15,"6":15,"7":288,"8":7,"9":5,"10":7},"f":{"0":288,"1":15,"2":5},"b":{"0":[15],"1":[5,4]}}
,"/home/l00k/Server/100k/phala-stats/ui/src/core/inti5/validator/Method/Assert.ts": {"path":"/home/l00k/Server/100k/phala-stats/ui/src/core/inti5/validator/Method/Assert.ts","statementMap":{"0":{"start":{"line":1,"column":0},"end":{"line":1,"column":65}},"1":{"start":{"line":3,"column":0},"end":{"line":3,"column":37}},"2":{"start":{"line":22,"column":42},"end":{"line":22,"column":51}},"3":{"start":{"line":23,"column":46},"end":{"line":23,"column":48}},"4":{"start":{"line":25,"column":4},"end":{"line":36,"column":null}},"5":{"start":{"line":26,"column":8},"end":{"line":35,"column":null}},"6":{"start":{"line":27,"column":12},"end":{"line":27,"column":34}},"7":{"start":{"line":29,"column":13},"end":{"line":35,"column":null}},"8":{"start":{"line":30,"column":12},"end":{"line":30,"column":27}},"9":{"start":{"line":32,"column":13},"end":{"line":35,"column":null}},"10":{"start":{"line":33,"column":12},"end":{"line":33,"column":27}},"11":{"start":{"line":34,"column":12},"end":{"line":34,"column":35}},"12":{"start":{"line":37,"column":4},"end":{"line":39,"column":null}},"13":{"start":{"line":38,"column":7},"end":{"line":38,"column":30}},"14":{"start":{"line":41,"column":4},"end":{"line":81,"column":6}},"15":{"start":{"line":42,"column":53},"end":{"line":42,"column":79}},"16":{"start":{"line":44,"column":8},"end":{"line":48,"column":10}},"17":{"start":{"line":50,"column":8},"end":{"line":53,"column":null}},"18":{"start":{"line":51,"column":31},"end":{"line":51,"column":95}},"19":{"start":{"line":52,"column":12},"end":{"line":52,"column":52}},"20":{"start":{"line":52,"column":27},"end":{"line":52,"column":51}},"21":{"start":{"line":54,"column":8},"end":{"line":66,"column":null}},"22":{"start":{"line":55,"column":12},"end":{"line":57,"column":null}},"23":{"start":{"line":56,"column":16},"end":{"line":56,"column":44}},"24":{"start":{"line":59,"column":25},"end":{"line":59,"column":33}},"25":{"start":{"line":60,"column":12},"end":{"line":62,"column":null}},"26":{"start":{"line":61,"column":16},"end":{"line":61,"column":39}},"27":{"start":{"line":65,"column":12},"end":{"line":65,"column":31}},"28":{"start":{"line":68,"column":8},"end":{"line":70,"column":null}},"29":{"start":{"line":69,"column":12},"end":{"line":69,"column":41}},"30":{"start":{"line":72,"column":8},"end":{"line":80,"column":14}},"31":{"start":{"line":84,"column":0},"end":{"line":84,"column":22}}},"fnMap":{"0":{"name":"Assert","decl":{"start":{"line":18,"column":9},"end":{"line":18,"column":15}},"loc":{"start":{"line":19,"column":31},"end":{"line":82,"column":1}}},"1":{"name":"(anonymous_1)","decl":{"start":{"line":41,"column":11},"end":{"line":41,"column":12}},"loc":{"start":{"line":41,"column":77},"end":{"line":81,"column":5}}},"2":{"name":"(anonymous_2)","decl":{"start":{"line":52,"column":21},"end":{"line":52,"column":24}},"loc":{"start":{"line":52,"column":27},"end":{"line":52,"column":51}}}},"branchMap":{"0":{"loc":{"start":{"line":19,"column":4},"end":{"line":19,"column":31}},"type":"default-arg","locations":[{"start":{"line":19,"column":29},"end":{"line":19,"column":31}}]},"1":{"loc":{"start":{"line":25,"column":4},"end":{"line":36,"column":null}},"type":"if","locations":[{"start":{"line":25,"column":4},"end":{"line":36,"column":null}}]},"2":{"loc":{"start":{"line":26,"column":8},"end":{"line":35,"column":null}},"type":"if","locations":[{"start":{"line":26,"column":8},"end":{"line":35,"column":null}},{"start":{"line":29,"column":13},"end":{"line":35,"column":null}}]},"3":{"loc":{"start":{"line":29,"column":13},"end":{"line":35,"column":null}},"type":"if","locations":[{"start":{"line":29,"column":13},"end":{"line":35,"column":null}},{"start":{"line":32,"column":13},"end":{"line":35,"column":null}}]},"4":{"loc":{"start":{"line":32,"column":13},"end":{"line":35,"column":null}},"type":"if","locations":[{"start":{"line":32,"column":13},"end":{"line":35,"column":null}}]},"5":{"loc":{"start":{"line":37,"column":4},"end":{"line":39,"column":null}},"type":"if","locations":[{"start":{"line":37,"column":4},"end":{"line":39,"column":null}}]},"6":{"loc":{"start":{"line":50,"column":8},"end":{"line":53,"column":null}},"type":"if","locations":[{"start":{"line":50,"column":8},"end":{"line":53,"column":null}}]},"7":{"loc":{"start":{"line":54,"column":8},"end":{"line":66,"column":null}},"type":"if","locations":[{"start":{"line":54,"column":8},"end":{"line":66,"column":null}},{"start":{"line":64,"column":13},"end":{"line":66,"column":null}}]},"8":{"loc":{"start":{"line":55,"column":12},"end":{"line":57,"column":null}},"type":"if","locations":[{"start":{"line":55,"column":12},"end":{"line":57,"column":null}}]},"9":{"loc":{"start":{"line":60,"column":12},"end":{"line":62,"column":null}},"type":"if","locations":[{"start":{"line":60,"column":12},"end":{"line":62,"column":null}}]},"10":{"loc":{"start":{"line":68,"column":8},"end":{"line":70,"column":null}},"type":"if","locations":[{"start":{"line":68,"column":8},"end":{"line":70,"column":null}}]}},"s":{"0":4,"1":4,"2":13,"3":13,"4":13,"5":8,"6":3,"7":5,"8":1,"9":4,"10":3,"11":3,"12":13,"13":2,"14":13,"15":13,"16":13,"17":13,"18":6,"19":6,"20":14,"21":13,"22":9,"23":8,"24":9,"25":9,"26":2,"27":4,"28":13,"29":4,"30":13,"31":4},"f":{"0":13,"1":13,"2":14},"b":{"0":[2],"1":[8],"2":[3,5],"3":[1,4],"4":[3],"5":[2],"6":[6],"7":[9,4],"8":[8],"9":[2],"10":[4]}}
,"/home/l00k/Server/100k/phala-stats/ui/src/core/inti5/validator/Method/Validate.ts": {"path":"/home/l00k/Server/100k/phala-stats/ui/src/core/inti5/validator/Method/Validate.ts","statementMap":{"0":{"start":{"line":1,"column":0},"end":{"line":1,"column":65}},"1":{"start":{"line":2,"column":0},"end":{"line":2,"column":57}},"2":{"start":{"line":3,"column":0},"end":{"line":3,"column":51}},"3":{"start":{"line":4,"column":0},"end":{"line":4,"column":37}},"4":{"start":{"line":10,"column":4},"end":{"line":41,"column":6}},"5":{"start":{"line":11,"column":53},"end":{"line":11,"column":79}},"6":{"start":{"line":13,"column":26},"end":{"line":13,"column":50}},"7":{"start":{"line":15,"column":29},"end":{"line":15,"column":45}},"8":{"start":{"line":17,"column":8},"end":{"line":40,"column":10}},"9":{"start":{"line":18,"column":25},"end":{"line":18,"column":47}},"10":{"start":{"line":20,"column":12},"end":{"line":20,"column":80}},"11":{"start":{"line":21,"column":12},"end":{"line":23,"column":null}},"12":{"start":{"line":22,"column":16},"end":{"line":22,"column":123}},"13":{"start":{"line":25,"column":32},"end":{"line":25,"column":66}},"14":{"start":{"line":27,"column":12},"end":{"line":37,"column":null}},"15":{"start":{"line":28,"column":35},"end":{"line":28,"column":99}},"16":{"start":{"line":30,"column":36},"end":{"line":30,"column":83}},"17":{"start":{"line":31,"column":16},"end":{"line":36,"column":null}},"18":{"start":{"line":32,"column":20},"end":{"line":32,"column":41}},"19":{"start":{"line":33,"column":20},"end":{"line":33,"column":69}},"20":{"start":{"line":35,"column":20},"end":{"line":35,"column":112}},"21":{"start":{"line":39,"column":12},"end":{"line":39,"column":31}},"22":{"start":{"line":7,"column":0},"end":{"line":7,"column":24}}},"fnMap":{"0":{"name":"Validate","decl":{"start":{"line":7,"column":24},"end":{"line":7,"column":32}},"loc":{"start":{"line":8,"column":40},"end":{"line":42,"column":1}}},"1":{"name":"(anonymous_1)","decl":{"start":{"line":10,"column":11},"end":{"line":10,"column":12}},"loc":{"start":{"line":10,"column":87},"end":{"line":41,"column":5}}},"2":{"name":"(anonymous_2)","decl":{"start":{"line":17,"column":27},"end":{"line":17,"column":36}},"loc":{"start":{"line":17,"column":53},"end":{"line":40,"column":9}}}},"branchMap":{"0":{"loc":{"start":{"line":8,"column":4},"end":{"line":8,"column":40}},"type":"default-arg","locations":[{"start":{"line":8,"column":35},"end":{"line":8,"column":40}}]},"1":{"loc":{"start":{"line":21,"column":12},"end":{"line":23,"column":null}},"type":"if","locations":[{"start":{"line":21,"column":12},"end":{"line":23,"column":null}}]},"2":{"loc":{"start":{"line":27,"column":12},"end":{"line":37,"column":null}},"type":"if","locations":[{"start":{"line":27,"column":12},"end":{"line":37,"column":null}}]},"3":{"loc":{"start":{"line":31,"column":16},"end":{"line":36,"column":null}},"type":"if","locations":[{"start":{"line":31,"column":16},"end":{"line":36,"column":null}}]}},"s":{"0":4,"1":4,"2":4,"3":4,"4":13,"5":13,"6":13,"7":13,"8":13,"9":11,"10":11,"11":11,"12":3,"13":8,"14":8,"15":1,"16":1,"17":1,"18":1,"19":1,"20":1,"21":7,"22":4},"f":{"0":13,"1":13,"2":11},"b":{"0":[12],"1":[3],"2":[1],"3":[1]}}
,"/home/l00k/Server/100k/phala-stats/ui/src/core/inti5/validator/Method/index.ts": {"path":"/home/l00k/Server/100k/phala-stats/ui/src/core/inti5/validator/Method/index.ts","statementMap":{"0":{"start":{"line":1,"column":0},"end":{"line":1,"column":26}},"1":{"start":{"line":2,"column":0},"end":{"line":2,"column":7}},"2":{"start":{"line":10,"column":4},"end":{"line":2,"column":57}},"3":{"start":{"line":3,"column":0},"end":{"line":3,"column":7}},"4":{"start":{"line":8,"column":4},"end":{"line":3,"column":30}},"5":{"start":{"line":4,"column":0},"end":{"line":4,"column":7}},"6":{"start":{"line":9,"column":4},"end":{"line":4,"column":34}}},"fnMap":{},"branchMap":{},"s":{"0":4,"1":4,"2":4,"3":4,"4":4,"5":4,"6":4},"f":{},"b":{}}
,"/home/l00k/Server/100k/phala-stats/ui/src/core/inti5/validator/Object/Assert.ts": {"path":"/home/l00k/Server/100k/phala-stats/ui/src/core/inti5/validator/Object/Assert.ts","statementMap":{"0":{"start":{"line":1,"column":0},"end":{"line":1,"column":65}},"1":{"start":{"line":3,"column":0},"end":{"line":3,"column":37}},"2":{"start":{"line":21,"column":42},"end":{"line":21,"column":51}},"3":{"start":{"line":22,"column":46},"end":{"line":22,"column":48}},"4":{"start":{"line":24,"column":4},"end":{"line":35,"column":null}},"5":{"start":{"line":25,"column":8},"end":{"line":34,"column":null}},"6":{"start":{"line":26,"column":12},"end":{"line":26,"column":34}},"7":{"start":{"line":28,"column":13},"end":{"line":34,"column":null}},"8":{"start":{"line":29,"column":12},"end":{"line":29,"column":27}},"9":{"start":{"line":31,"column":13},"end":{"line":34,"column":null}},"10":{"start":{"line":32,"column":12},"end":{"line":32,"column":27}},"11":{"start":{"line":33,"column":12},"end":{"line":33,"column":35}},"12":{"start":{"line":36,"column":4},"end":{"line":38,"column":null}},"13":{"start":{"line":37,"column":7},"end":{"line":37,"column":30}},"14":{"start":{"line":40,"column":4},"end":{"line":75,"column":6}},"15":{"start":{"line":41,"column":53},"end":{"line":41,"column":79}},"16":{"start":{"line":43,"column":8},"end":{"line":47,"column":10}},"17":{"start":{"line":49,"column":8},"end":{"line":52,"column":null}},"18":{"start":{"line":50,"column":25},"end":{"line":50,"column":85}},"19":{"start":{"line":51,"column":12},"end":{"line":51,"column":32}},"20":{"start":{"line":51,"column":27},"end":{"line":51,"column":31}},"21":{"start":{"line":53,"column":8},"end":{"line":65,"column":null}},"22":{"start":{"line":54,"column":12},"end":{"line":56,"column":null}},"23":{"start":{"line":55,"column":16},"end":{"line":55,"column":44}},"24":{"start":{"line":58,"column":25},"end":{"line":58,"column":33}},"25":{"start":{"line":59,"column":12},"end":{"line":61,"column":null}},"26":{"start":{"line":60,"column":16},"end":{"line":60,"column":39}},"27":{"start":{"line":64,"column":12},"end":{"line":64,"column":31}},"28":{"start":{"line":67,"column":8},"end":{"line":74,"column":14}},"29":{"start":{"line":78,"column":0},"end":{"line":78,"column":22}}},"fnMap":{"0":{"name":"Assert","decl":{"start":{"line":17,"column":9},"end":{"line":17,"column":15}},"loc":{"start":{"line":18,"column":31},"end":{"line":76,"column":1}}},"1":{"name":"(anonymous_1)","decl":{"start":{"line":40,"column":11},"end":{"line":40,"column":12}},"loc":{"start":{"line":40,"column":56},"end":{"line":75,"column":5}}},"2":{"name":"(anonymous_2)","decl":{"start":{"line":51,"column":21},"end":{"line":51,"column":24}},"loc":{"start":{"line":51,"column":27},"end":{"line":51,"column":31}}}},"branchMap":{"0":{"loc":{"start":{"line":18,"column":4},"end":{"line":18,"column":31}},"type":"default-arg","locations":[{"start":{"line":18,"column":29},"end":{"line":18,"column":31}}]},"1":{"loc":{"start":{"line":24,"column":4},"end":{"line":35,"column":null}},"type":"if","locations":[{"start":{"line":24,"column":4},"end":{"line":35,"column":null}}]},"2":{"loc":{"start":{"line":25,"column":8},"end":{"line":34,"column":null}},"type":"if","locations":[{"start":{"line":25,"column":8},"end":{"line":34,"column":null}},{"start":{"line":28,"column":13},"end":{"line":34,"column":null}}]},"3":{"loc":{"start":{"line":28,"column":13},"end":{"line":34,"column":null}},"type":"if","locations":[{"start":{"line":28,"column":13},"end":{"line":34,"column":null}},{"start":{"line":31,"column":13},"end":{"line":34,"column":null}}]},"4":{"loc":{"start":{"line":31,"column":13},"end":{"line":34,"column":null}},"type":"if","locations":[{"start":{"line":31,"column":13},"end":{"line":34,"column":null}}]},"5":{"loc":{"start":{"line":36,"column":4},"end":{"line":38,"column":null}},"type":"if","locations":[{"start":{"line":36,"column":4},"end":{"line":38,"column":null}}]},"6":{"loc":{"start":{"line":49,"column":8},"end":{"line":52,"column":null}},"type":"if","locations":[{"start":{"line":49,"column":8},"end":{"line":52,"column":null}}]},"7":{"loc":{"start":{"line":53,"column":8},"end":{"line":65,"column":null}},"type":"if","locations":[{"start":{"line":53,"column":8},"end":{"line":65,"column":null}},{"start":{"line":63,"column":13},"end":{"line":65,"column":null}}]},"8":{"loc":{"start":{"line":54,"column":12},"end":{"line":56,"column":null}},"type":"if","locations":[{"start":{"line":54,"column":12},"end":{"line":56,"column":null}}]},"9":{"loc":{"start":{"line":59,"column":12},"end":{"line":61,"column":null}},"type":"if","locations":[{"start":{"line":59,"column":12},"end":{"line":61,"column":null}}]}},"s":{"0":5,"1":5,"2":70,"3":70,"4":70,"5":56,"6":45,"7":11,"8":3,"9":8,"10":8,"11":8,"12":70,"13":43,"14":70,"15":70,"16":70,"17":70,"18":14,"19":14,"20":108,"21":70,"22":59,"23":53,"24":59,"25":59,"26":3,"27":11,"28":70,"29":5},"f":{"0":70,"1":70,"2":108},"b":{"0":[1],"1":[56],"2":[45,11],"3":[3,8],"4":[8],"5":[43],"6":[14],"7":[59,11],"8":[53],"9":[3]}}
,"/home/l00k/Server/100k/phala-stats/ui/src/core/inti5/validator/Object/AssertOptions.ts": {"path":"/home/l00k/Server/100k/phala-stats/ui/src/core/inti5/validator/Object/AssertOptions.ts","statementMap":{"0":{"start":{"line":2,"column":0},"end":{"line":2,"column":37}},"1":{"start":{"line":9,"column":4},"end":{"line":12,"column":6}},"2":{"start":{"line":10,"column":8},"end":{"line":11,"column":63}},"3":{"start":{"line":5,"column":0},"end":{"line":5,"column":24}}},"fnMap":{"0":{"name":"AssertOptions","decl":{"start":{"line":5,"column":24},"end":{"line":5,"column":37}},"loc":{"start":{"line":6,"column":38},"end":{"line":13,"column":1}}},"1":{"name":"(anonymous_1)","decl":{"start":{"line":9,"column":11},"end":{"line":9,"column":12}},"loc":{"start":{"line":9,"column":44},"end":{"line":12,"column":5}}}},"branchMap":{"0":{"loc":{"start":{"line":6,"column":4},"end":{"line":6,"column":38}},"type":"default-arg","locations":[{"start":{"line":6,"column":36},"end":{"line":6,"column":38}}]}},"s":{"0":5,"1":2,"2":2,"3":5},"f":{"0":2,"1":2},"b":{"0":[0]}}
,"/home/l00k/Server/100k/phala-stats/ui/src/core/inti5/validator/Object/index.ts": {"path":"/home/l00k/Server/100k/phala-stats/ui/src/core/inti5/validator/Object/index.ts","statementMap":{"0":{"start":{"line":1,"column":0},"end":{"line":1,"column":26}},"1":{"start":{"line":2,"column":0},"end":{"line":2,"column":7}},"2":{"start":{"line":10,"column":4},"end":{"line":2,"column":57}},"3":{"start":{"line":3,"column":0},"end":{"line":3,"column":7}},"4":{"start":{"line":8,"column":4},"end":{"line":3,"column":30}},"5":{"start":{"line":4,"column":0},"end":{"line":4,"column":7}},"6":{"start":{"line":9,"column":4},"end":{"line":4,"column":44}}},"fnMap":{},"branchMap":{},"s":{"0":5,"1":5,"2":5,"3":5,"4":5,"5":5,"6":5},"f":{},"b":{}}
}
