TN:
SF:api/MetadataStorage.ts
FN:20,(anonymous_0)
FN:50,(anonymous_1)
FN:79,(anonymous_2)
FN:89,(anonymous_3)
FN:103,(anonymous_4)
FN:133,(anonymous_5)
FN:145,(anonymous_6)
FN:153,(anonymous_7)
FNF:8
FNH:8
FNDA:92,(anonymous_0)
FNDA:12,(anonymous_1)
FNDA:44,(anonymous_2)
FNDA:44,(anonymous_3)
FNDA:80,(anonymous_4)
FNDA:20,(anonymous_5)
FNDA:21,(anonymous_6)
FNDA:21,(anonymous_7)
DA:2,6
DA:3,6
DA:4,6
DA:5,6
DA:6,6
DA:10,6
DA:13,20
DA:14,20
DA:16,20
DA:17,20
DA:22,92
DA:23,13
DA:35,13
DA:38,92
DA:39,80
DA:40,80
DA:41,61
DA:56,12
DA:58,12
DA:61,12
DA:62,12
DA:63,12
DA:65,12
DA:66,2
DA:69,2
DA:73,12
DA:76,12
DA:79,44
DA:81,12
DA:88,12
DA:91,44
DA:96,12
DA:109,80
DA:111,80
DA:113,80
DA:114,80
DA:117,80
DA:118,6
DA:120,80
DA:121,52
DA:124,52
DA:126,80
DA:127,36
DA:131,36
DA:132,28
DA:133,28
DA:136,36
DA:137,36
DA:139,80
DA:140,2
DA:141,2
DA:150,21
DA:158,21
LF:53
LH:53
BRDA:22,0,0,13
BRDA:38,1,0,80
BRDA:40,2,0,61
BRDA:61,3,0,12
BRDA:61,3,1,9
BRDA:62,4,0,12
BRDA:62,4,1,11
BRDA:65,5,0,2
BRDA:66,6,0,1
BRDA:66,6,1,1
BRDA:91,7,0,24
BRDA:91,7,1,20
BRDA:117,8,0,6
BRDA:120,9,0,52
BRDA:121,10,0,50
BRDA:121,10,1,2
BRDA:126,11,0,36
BRDA:127,12,0,2
BRDA:127,12,1,34
BRDA:131,13,0,28
BRDA:139,14,0,2
BRF:21
BRH:21
end_of_record
TN:
SF:api/Service.ts
FN:26,(anonymous_0)
FN:31,(anonymous_1)
FN:40,(anonymous_2)
FN:51,(anonymous_3)
FN:52,(anonymous_4)
FN:57,(anonymous_5)
FN:58,(anonymous_6)
FN:103,(anonymous_7)
FN:123,(anonymous_8)
FN:143,(anonymous_9)
FNF:10
FNH:8
FNDA:0,(anonymous_0)
FNDA:0,(anonymous_1)
FNDA:18,(anonymous_2)
FNDA:1,(anonymous_3)
FNDA:19,(anonymous_4)
FNDA:1,(anonymous_5)
FNDA:19,(anonymous_6)
FNDA:9,(anonymous_7)
FNDA:8,(anonymous_8)
FNDA:91,(anonymous_9)
DA:1,6
DA:3,6
DA:5,6
DA:7,6
DA:8,6
DA:14,6
DA:18,6
DA:22,16
DA:23,16
DA:28,0
DA:33,0
DA:42,18
DA:48,18
DA:50,18
DA:51,1
DA:53,19
DA:56,18
DA:57,1
DA:59,19
DA:63,18
DA:64,16
DA:66,16
DA:67,1
DA:72,17
DA:73,15
DA:75,15
DA:76,91
DA:82,90
DA:86,90
DA:88,90
DA:89,61
DA:91,90
DA:92,2
DA:109,9
DA:110,9
DA:111,10
DA:112,10
DA:113,9
DA:120,5
DA:129,8
DA:130,8
DA:131,9
DA:132,9
DA:133,9
DA:140,7
DA:149,91
DA:151,91
DA:153,91
DA:154,57
DA:155,57
DA:156,1
DA:163,56
DA:165,56
DA:166,47
DA:168,56
DA:169,49
DA:172,56
DA:175,90
LF:58
LH:56
BRDA:40,0,0,18
BRDA:51,1,0,0
BRDA:51,1,1,1
BRDA:57,2,0,1
BRDA:57,2,1,0
BRDA:66,3,0,1
BRDA:66,4,0,16
BRDA:66,4,1,15
BRDA:88,5,0,61
BRDA:88,6,0,90
BRDA:88,6,1,61
BRDA:91,7,0,2
BRDA:112,8,0,9
BRDA:132,9,0,9
BRDA:155,10,0,1
BRDA:165,11,0,47
BRDA:168,12,0,49
BRF:17
BRH:15
end_of_record
TN:
SF:api/def.ts
FN:12,(anonymous_0)
FN:68,(anonymous_1)
FNF:2
FNH:2
FNDA:6,(anonymous_0)
FNDA:6,(anonymous_1)
DA:9,6
DA:10,6
DA:12,6
DA:14,6
DA:15,6
DA:16,6
DA:17,6
DA:68,6
DA:70,6
DA:71,6
LF:10
LH:10
BRDA:12,0,0,6
BRDA:12,0,1,6
BRDA:68,1,0,6
BRDA:68,1,1,6
BRF:4
BRH:4
end_of_record
TN:
SF:api/index.ts
FNF:0
FNH:0
DA:1,6
DA:3,6
DA:4,6
DA:6,6
DA:7,6
DA:8,6
DA:9,6
DA:10,6
DA:12,6
LF:9
LH:9
BRF:0
BRH:0
end_of_record
TN:
SF:api-backend/MetadataStorage.ts
FN:16,(anonymous_0)
FN:37,(anonymous_1)
FNF:2
FNH:2
FNDA:7,(anonymous_0)
FNDA:2,(anonymous_1)
DA:1,2
DA:2,2
DA:9,2
DA:12,1
DA:13,1
DA:22,7
DA:23,7
DA:24,1
DA:25,1
DA:28,7
DA:29,7
DA:30,7
DA:31,7
DA:34,7
DA:42,2
DA:43,2
DA:44,1
DA:45,1
DA:48,2
LF:19
LH:19
BRDA:23,0,0,1
BRDA:29,1,0,7
BRDA:43,2,0,1
BRF:3
BRH:3
end_of_record
TN:
SF:api-backend/Service.ts
FN:33,(anonymous_0)
FN:55,(anonymous_1)
FN:69,(anonymous_2)
FN:70,(anonymous_3)
FN:73,(anonymous_4)
FN:74,(anonymous_5)
FN:77,(anonymous_6)
FN:78,(anonymous_7)
FN:86,(anonymous_8)
FN:98,(anonymous_9)
FN:133,(anonymous_10)
FN:139,(anonymous_11)
FN:151,(anonymous_12)
FN:166,(anonymous_13)
FN:179,(anonymous_14)
FNF:15
FNH:15
FNDA:1,(anonymous_0)
FNDA:1,(anonymous_1)
FNDA:5,(anonymous_2)
FNDA:3,(anonymous_3)
FNDA:5,(anonymous_4)
FNDA:2,(anonymous_5)
FNDA:5,(anonymous_6)
FNDA:2,(anonymous_7)
FNDA:1,(anonymous_8)
FNDA:1,(anonymous_9)
FNDA:27,(anonymous_10)
FNDA:1,(anonymous_11)
FNDA:1,(anonymous_12)
FNDA:1,(anonymous_13)
FNDA:1,(anonymous_14)
DA:1,2
DA:2,2
DA:3,2
DA:4,2
DA:5,2
DA:6,2
DA:7,2
DA:8,2
DA:15,2
DA:20,2
DA:22,1
DA:24,1
DA:25,1
DA:26,1
DA:39,1
DA:40,1
DA:42,1
DA:47,1
DA:48,1
DA:49,1
DA:52,1
DA:61,1
DA:62,1
DA:63,1
DA:69,5
DA:70,3
DA:71,4
DA:73,5
DA:74,2
DA:75,4
DA:77,5
DA:78,2
DA:79,4
DA:83,1
DA:88,1
DA:90,1
DA:91,1
DA:92,1
DA:95,1
DA:100,1
DA:105,1
DA:108,7
DA:109,36
DA:111,36
DA:114,36
DA:116,36
DA:117,36
DA:120,7
DA:121,7
DA:125,1
DA:126,3
DA:128,3
DA:131,3
DA:133,27
DA:136,1
DA:141,1
DA:143,1
DA:144,1
DA:145,1
DA:148,1
DA:153,1
DA:157,1
DA:158,2
DA:159,2
DA:160,2
DA:163,1
DA:171,1
DA:172,1
DA:173,1
DA:176,1
DA:195,6
DA:205,6
DA:208,1
LF:73
LH:73
BRDA:35,0,0,1
BRDA:36,1,0,1
BRDA:47,2,0,1
BRDA:57,3,0,0
BRDA:58,4,0,0
BRDA:90,5,0,1
BRDA:100,6,0,1
BRDA:100,6,1,0
BRDA:111,7,0,11
BRDA:111,7,1,25
BRDA:128,8,0,2
BRDA:128,8,1,1
BRDA:143,9,0,1
BRDA:153,10,0,1
BRDA:153,10,1,0
BRDA:172,11,0,1
BRF:16
BRH:12
end_of_record
TN:
SF:api-backend/def.ts
FNF:0
FNH:0
DA:4,2
DA:69,2
DA:78,2
DA:79,2
DA:81,2
DA:82,2
DA:83,2
DA:84,2
DA:85,2
LF:9
LH:9
BRF:0
BRH:0
end_of_record
TN:
SF:api-backend/index.ts
FN:5,(anonymous_0)
FNF:1
FNH:1
FNDA:4,(anonymous_0)
DA:1,2
DA:3,2
DA:5,6
DA:7,2
DA:8,2
DA:9,2
DA:11,2
LF:7
LH:7
BRF:0
BRH:0
end_of_record
TN:
SF:api-backend/Annotation/CollectionRequest.ts
FN:10,getterFunction
FN:18,CollectionRequest
FN:24,(anonymous_2)
FN:28,(anonymous_3)
FN:32,(anonymous_4)
FNF:5
FNH:5
FNDA:4,getterFunction
FNDA:1,CollectionRequest
FNDA:1,(anonymous_2)
FNDA:5,(anonymous_3)
FNDA:4,(anonymous_4)
DA:1,2
DA:2,2
DA:3,2
DA:5,2
DA:15,4
DA:18,2
DA:24,1
DA:25,1
DA:26,1
DA:28,5
DA:30,1
DA:32,4
LF:12
LH:12
BRDA:15,0,0,4
BRDA:15,0,1,0
BRDA:20,1,0,0
BRDA:21,2,0,0
BRF:4
BRH:1
end_of_record
TN:
SF:api-backend/Annotation/Endpoint.ts
FN:11,Endpoint
FN:13,(anonymous_1)
FNF:2
FNH:2
FNDA:2,Endpoint
FNDA:2,(anonymous_1)
DA:1,2
DA:2,2
DA:3,2
DA:4,2
DA:11,2
DA:13,2
DA:14,2
DA:21,2
DA:23,2
DA:24,2
LF:10
LH:10
BRF:0
BRH:0
end_of_record
TN:
SF:api-backend/Annotation/Filterable.ts
FN:34,Filterable
FN:60,(anonymous_1)
FN:66,(anonymous_2)
FNF:3
FNH:3
FNDA:7,Filterable
FNDA:7,(anonymous_1)
FNDA:104,(anonymous_2)
DA:1,2
DA:2,2
DA:3,2
DA:12,2
DA:38,7
DA:40,7
DA:41,2
DA:42,0
DA:44,2
DA:45,1
DA:47,1
DA:48,1
DA:51,7
DA:52,1
DA:53,0
DA:55,1
DA:56,1
DA:60,7
DA:61,7
DA:63,7
DA:65,7
DA:66,104
DA:69,7
DA:70,5
DA:71,1
DA:73,4
DA:74,1
DA:76,3
DA:77,1
DA:79,2
DA:80,1
DA:83,1
DA:87,7
DA:96,2
LF:34
LH:32
BRDA:40,0,0,2
BRDA:41,1,0,0
BRDA:41,1,1,2
BRDA:44,2,0,1
BRDA:44,2,1,1
BRDA:47,3,0,1
BRDA:51,4,0,1
BRDA:52,5,0,0
BRDA:52,5,1,1
BRDA:55,6,0,1
BRDA:65,7,0,6
BRDA:69,8,0,5
BRDA:69,9,0,7
BRDA:69,9,1,7
BRDA:70,10,0,1
BRDA:70,10,1,4
BRDA:73,11,0,1
BRDA:73,11,1,3
BRDA:76,12,0,1
BRDA:76,12,1,2
BRDA:79,13,0,1
BRDA:79,13,1,1
BRF:22
BRH:20
end_of_record
TN:
SF:api-backend/Annotation/RequestContext.ts
FN:7,getterFunction
FN:18,RequestContext
FN:20,(anonymous_2)
FNF:3
FNH:3
FNDA:1,getterFunction
FNDA:1,RequestContext
FNDA:1,(anonymous_2)
DA:1,2
DA:12,1
DA:18,2
DA:20,1
DA:21,1
LF:5
LH:5
BRF:0
BRH:0
end_of_record
TN:
SF:api-backend/Annotation/Sortable.ts
FN:6,Sortable
FN:8,(anonymous_1)
FNF:2
FNH:2
FNDA:2,Sortable
FNDA:2,(anonymous_1)
DA:1,2
DA:2,2
DA:6,2
DA:8,2
DA:9,2
LF:5
LH:5
BRF:0
BRH:0
end_of_record
TN:
SF:api-backend/Annotation/index.ts
FNF:0
FNH:0
DA:1,2
DA:2,2
DA:3,2
DA:4,2
DA:5,2
LF:5
LH:5
BRF:0
BRH:0
end_of_record
TN:
SF:api-backend/Domain/CollectionRequest.ts
FNF:0
FNH:0
DA:1,2
DA:2,2
DA:3,2
DA:5,2
DA:9,4
DA:12,4
DA:15,4
LF:7
LH:7
BRF:0
BRH:0
end_of_record
TN:
SF:api-backend/Domain/Pagination.ts
FN:8,(anonymous_0)
FNF:1
FNH:1
FNDA:1,(anonymous_0)
DA:1,2
DA:4,11
DA:6,11
DA:10,1
LF:4
LH:4
BRF:0
BRH:0
end_of_record
TN:
SF:api-backend/Domain/index.ts
FNF:0
FNH:0
DA:1,2
DA:2,2
LF:2
LH:2
BRF:0
BRH:0
end_of_record
TN:
SF:api/Annotation/Deserializer.ts
FN:7,Deserializer
FN:11,(anonymous_1)
FNF:2
FNH:2
FNDA:21,Deserializer
FNDA:21,(anonymous_1)
DA:1,6
DA:3,6
DA:9,21
DA:11,21
DA:12,21
DA:14,21
DA:21,6
LF:7
LH:7
BRDA:9,0,0,21
BRDA:9,0,1,14
BRF:2
BRH:2
end_of_record
TN:
SF:api/Annotation/Groups.ts
FN:4,Groups
FN:6,(anonymous_1)
FNF:2
FNH:2
FNDA:20,Groups
FNDA:20,(anonymous_1)
DA:1,6
DA:2,6
DA:4,6
DA:6,20
DA:7,20
DA:9,20
LF:6
LH:6
BRF:0
BRH:0
end_of_record
TN:
SF:api/Annotation/Id.ts
FN:5,Id
FN:7,(anonymous_1)
FNF:2
FNH:2
FNDA:6,Id
FNDA:6,(anonymous_1)
DA:1,6
DA:2,6
DA:7,6
DA:8,6
DA:10,6
DA:22,6
LF:6
LH:6
BRF:0
BRH:0
end_of_record
TN:
SF:api/Annotation/Property.ts
FN:19,Property
FN:51,(anonymous_1)
FN:58,(anonymous_2)
FNF:3
FNH:3
FNDA:30,Property
FNDA:4,(anonymous_1)
FNDA:30,(anonymous_2)
DA:1,6
DA:3,6
DA:21,30
DA:22,30
DA:24,30
DA:25,8
DA:26,4
DA:29,4
DA:32,22
DA:33,2
DA:34,2
DA:41,30
DA:48,30
DA:49,8
DA:50,8
DA:51,4
DA:55,22
DA:58,30
DA:59,30
DA:61,30
DA:70,6
LF:21
LH:21
BRDA:24,0,0,8
BRDA:24,0,1,22
BRDA:25,1,0,4
BRDA:25,1,1,4
BRDA:32,2,0,2
BRDA:48,3,0,8
BRDA:48,3,1,22
BRDA:50,4,0,4
BRF:8
BRH:8
end_of_record
TN:
SF:api/Annotation/Resource.ts
FN:12,Resource
FN:30,(anonymous_1)
FNF:2
FNH:2
FNDA:12,Resource
FNDA:12,(anonymous_1)
DA:1,6
DA:2,6
DA:14,12
DA:15,12
DA:17,12
DA:18,3
DA:19,2
DA:22,1
DA:25,9
DA:26,1
DA:27,1
DA:30,12
DA:31,12
DA:33,12
DA:41,6
LF:15
LH:15
BRDA:17,0,0,3
BRDA:17,0,1,9
BRDA:18,1,0,2
BRDA:18,1,1,1
BRDA:25,2,0,1
BRF:5
BRH:5
end_of_record
TN:
SF:api/Annotation/Serializer.ts
FN:7,Serializer
FN:11,(anonymous_1)
FNF:2
FNH:2
FNDA:21,Serializer
FNDA:21,(anonymous_1)
DA:1,6
DA:2,6
DA:9,21
DA:11,21
DA:12,21
DA:14,21
DA:21,6
LF:7
LH:7
BRDA:9,0,0,21
BRDA:9,0,1,14
BRF:2
BRH:2
end_of_record
TN:
SF:api/Annotation/index.ts
FNF:0
FNH:0
DA:1,6
DA:2,6
DA:3,6
DA:4,6
DA:5,6
DA:6,6
LF:6
LH:6
BRF:0
BRH:0
end_of_record
TN:
SF:api/Serialization/CommonProcessor.ts
FN:11,(anonymous_0)
FNF:1
FNH:1
FNDA:11,(anonymous_0)
DA:1,6
DA:3,6
DA:5,6
DA:9,6
DA:16,11
DA:23,11
DA:24,2
DA:25,2
DA:26,2
DA:27,2
DA:28,2
DA:32,11
LF:12
LH:12
BRDA:23,0,0,2
BRF:1
BRH:1
end_of_record
TN:
SF:api/Serialization/DataDeserializer.ts
FN:18,(anonymous_0)
FNF:1
FNH:1
FNDA:7,(anonymous_0)
DA:1,6
DA:2,6
DA:3,6
DA:5,6
DA:6,6
DA:8,6
DA:14,6
DA:24,7
DA:25,7
DA:26,2
DA:29,5
DA:30,5
DA:31,1
DA:34,4
DA:36,4
DA:41,4
DA:48,4
LF:17
LH:17
BRDA:25,0,0,2
BRDA:30,1,0,1
BRF:2
BRH:2
end_of_record
TN:
SF:api/Serialization/DeserializationProcessor.ts
FN:15,(anonymous_0)
FNF:1
FNH:1
FNDA:8,(anonymous_0)
DA:1,6
DA:3,6
DA:5,6
DA:20,8
LF:4
LH:4
BRDA:20,0,0,8
BRDA:20,0,1,8
BRF:2
BRH:2
end_of_record
TN:
SF:api/Serialization/ObjectSerializer.ts
FN:16,(anonymous_0)
FNF:1
FNH:1
FNDA:8,(anonymous_0)
DA:1,6
DA:2,6
DA:3,6
DA:4,6
DA:5,6
DA:6,6
DA:12,6
DA:22,8
DA:23,8
DA:24,1
DA:27,7
DA:32,7
DA:39,7
LF:13
LH:13
BRDA:23,0,0,1
BRF:1
BRH:1
end_of_record
TN:
SF:api/Serialization/SerializationProcessor.ts
FN:15,(anonymous_0)
FNF:1
FNH:1
FNDA:8,(anonymous_0)
DA:1,6
DA:3,6
DA:5,6
DA:20,8
LF:4
LH:4
BRDA:20,0,0,8
BRDA:20,0,1,8
BRF:2
BRH:2
end_of_record
TN:
SF:configuration/Configuration.ts
FN:27,(anonymous_0)
FN:36,(anonymous_1)
FN:47,(anonymous_2)
FN:58,(anonymous_3)
FN:74,(anonymous_4)
FN:79,(anonymous_5)
FN:98,(anonymous_6)
FNF:7
FNH:7
FNDA:11,(anonymous_0)
FNDA:4,(anonymous_1)
FNDA:5,(anonymous_2)
FNDA:6,(anonymous_3)
FNDA:6,(anonymous_4)
FNDA:16,(anonymous_5)
FNDA:9,(anonymous_6)
DA:1,1
DA:2,1
DA:3,1
DA:4,1
DA:16,1
DA:19,1
DA:22,5
DA:24,5
DA:29,11
DA:30,5
DA:33,11
DA:41,4
DA:42,4
DA:45,4
DA:48,5
DA:49,5
DA:50,5
DA:51,6
DA:52,6
DA:64,6
DA:65,6
DA:66,5
DA:67,5
DA:70,6
DA:76,6
DA:81,16
DA:82,25
DA:84,25
DA:85,1
DA:88,24
DA:91,25
DA:92,10
DA:100,9
DA:101,2
DA:102,1
DA:105,1
DA:109,7
LF:37
LH:37
BRDA:29,0,0,5
BRDA:41,1,0,4
BRDA:49,2,0,5
BRDA:65,3,0,5
BRDA:74,4,0,6
BRDA:82,5,0,19
BRDA:82,5,1,6
BRDA:84,6,0,1
BRDA:84,6,1,24
BRDA:91,7,0,10
BRDA:100,8,0,2
BRDA:101,9,0,1
BRDA:101,9,1,1
BRF:13
BRH:13
end_of_record
TN:
SF:configuration/def.ts
FNF:0
FNH:0
DA:1,1
LF:1
LH:1
BRF:0
BRH:0
end_of_record
TN:
SF:configuration/index.ts
FNF:0
FNH:0
DA:1,1
DA:2,1
DA:6,1
DA:7,1
LF:4
LH:4
BRF:0
BRH:0
end_of_record
TN:
SF:configuration/Annotation/Config.ts
FN:5,Config
FN:9,(anonymous_1)
FNF:2
FNH:2
FNDA:6,Config
FNDA:6,(anonymous_1)
DA:1,1
DA:2,1
DA:5,1
DA:9,6
DA:10,6
DA:11,6
DA:13,6
LF:7
LH:7
BRDA:7,0,0,5
BRF:1
BRH:1
end_of_record
TN:
SF:event-bus/EventBus.ts
FN:24,(anonymous_0)
FN:29,(anonymous_1)
FN:51,(anonymous_2)
FNF:3
FNH:3
FNDA:3,(anonymous_0)
FNDA:3,(anonymous_1)
FNDA:4,(anonymous_2)
DA:1,1
DA:3,1
DA:14,1
DA:19,3
DA:21,3
DA:26,3
DA:36,3
DA:37,3
DA:38,3
DA:39,3
DA:41,3
DA:42,3
DA:45,3
DA:48,3
DA:53,4
LF:15
LH:15
BRDA:36,0,0,3
BRDA:38,1,0,3
BRF:2
BRH:2
end_of_record
TN:
SF:event-bus/def.ts
FNF:0
FNH:0
DA:3,1
LF:1
LH:1
BRF:0
BRH:0
end_of_record
TN:
SF:event-bus/index.ts
FNF:0
FNH:0
DA:1,1
DA:4,1
DA:7,1
DA:8,1
DA:9,1
LF:5
LH:5
BRF:0
BRH:0
end_of_record
TN:
SF:event-bus/Annotation/Inject.ts
FN:6,Inject
FN:10,(anonymous_1)
FNF:2
FNH:2
FNDA:3,Inject
FNDA:3,(anonymous_1)
DA:1,1
DA:2,1
DA:3,1
DA:10,3
DA:11,3
DA:13,3
DA:21,1
LF:7
LH:7
BRDA:7,0,0,2
BRF:1
BRH:1
end_of_record
TN:
SF:event-bus/Annotation/On.ts
FN:7,On
FN:12,(anonymous_1)
FNF:2
FNH:2
FNDA:2,On
FNDA:2,(anonymous_1)
DA:1,1
DA:2,1
DA:3,1
DA:4,1
DA:12,2
DA:13,2
DA:15,2
DA:16,2
DA:19,2
DA:28,1
LF:10
LH:10
BRDA:9,0,0,1
BRF:1
BRH:1
end_of_record
TN:
SF:event-bus/Annotation/Once.ts
FN:7,Once
FN:12,(anonymous_1)
FNF:2
FNH:2
FNDA:1,Once
FNDA:1,(anonymous_1)
DA:1,1
DA:2,1
DA:3,1
DA:4,1
DA:12,1
DA:13,1
DA:15,1
DA:16,1
DA:19,1
DA:28,1
LF:10
LH:10
BRDA:9,0,0,1
BRF:1
BRH:1
end_of_record
TN:
SF:express-router/ActionResult.ts
FN:4,(anonymous_0)
FNF:1
FNH:1
FNDA:2,(anonymous_0)
DA:1,3
DA:5,2
DA:6,2
LF:3
LH:3
BRDA:5,0,0,0
BRDA:6,1,0,0
BRF:2
BRH:0
end_of_record
TN:
SF:express-router/Router.ts
FN:27,(anonymous_0)
FN:44,(anonymous_1)
FN:66,(anonymous_2)
FN:82,(anonymous_3)
FN:83,(anonymous_4)
FN:98,(anonymous_5)
FNF:6
FNH:6
FNDA:11,(anonymous_0)
FNDA:26,(anonymous_1)
FNDA:2,(anonymous_2)
FNDA:14,(anonymous_3)
FNDA:14,(anonymous_4)
FNDA:10,(anonymous_5)
DA:1,3
DA:2,3
DA:3,3
DA:4,3
DA:5,3
DA:8,3
DA:9,3
DA:10,3
DA:15,3
DA:19,3
DA:21,11
DA:23,11
DA:32,11
DA:33,11
DA:34,1
DA:38,1
DA:41,11
DA:50,26
DA:51,26
DA:52,11
DA:56,11
DA:59,26
DA:60,21
DA:63,26
DA:68,2
DA:70,2
DA:71,3
DA:73,3
DA:74,7
DA:81,7
DA:82,14
DA:83,14
DA:86,7
DA:87,7
DA:89,7
DA:106,10
DA:109,10
DA:110,10
DA:112,6
DA:113,1
DA:114,1
DA:116,5
DA:117,1
DA:118,1
DA:123,4
DA:124,1
DA:125,1
DA:128,3
DA:129,1
DA:130,1
DA:137,2
DA:138,1
DA:139,1
DA:147,1
DA:149,1
DA:150,1
DA:152,1
DA:156,10
LF:58
LH:58
BRDA:33,0,0,1
BRDA:51,1,0,11
BRDA:59,2,0,21
BRDA:87,3,0,7
BRDA:87,3,1,5
BRDA:112,4,0,1
BRDA:112,4,1,5
BRDA:116,5,0,1
BRDA:123,6,0,1
BRDA:123,6,1,3
BRDA:128,7,0,1
BRDA:128,7,1,2
BRDA:137,8,0,1
BRDA:137,8,1,1
BRF:14
BRH:14
end_of_record
TN:
SF:express-router/def.ts
FN:3,(anonymous_0)
FNF:1
FNH:1
FNDA:3,(anonymous_0)
DA:3,3
DA:5,3
DA:6,3
DA:7,3
DA:8,3
DA:9,3
LF:6
LH:6
BRDA:3,0,0,3
BRDA:3,0,1,3
BRF:2
BRH:2
end_of_record
TN:
SF:express-router/index.ts
FNF:0
FNH:0
DA:1,3
DA:2,3
DA:4,3
DA:5,3
DA:6,3
DA:7,3
LF:6
LH:6
BRF:0
BRH:0
end_of_record
TN:
SF:express-router/Annotation/Middleware.ts
FN:11,Middleware
FN:17,(anonymous_1)
FNF:2
FNH:2
FNDA:2,Middleware
FNDA:2,(anonymous_1)
DA:1,3
DA:2,3
DA:5,3
DA:13,2
DA:17,2
DA:18,2
DA:19,2
DA:22,2
DA:26,3
LF:9
LH:9
BRDA:13,0,0,1
BRDA:13,0,1,1
BRF:2
BRH:2
end_of_record
TN:
SF:express-router/Annotation/Route.ts
FN:10,Route
FN:30,(anonymous_1)
FN:55,GET
FN:63,PUT
FN:71,POST
FN:79,PATCH
FN:87,DELETE
FN:95,PlainText
FN:103,JSON
FNF:9
FNH:9
FNDA:35,Route
FNDA:35,(anonymous_1)
FNDA:10,GET
FNDA:2,PUT
FNDA:2,POST
FNDA:2,PATCH
FNDA:2,DELETE
FNDA:2,PlainText
FNDA:12,JSON
DA:1,3
DA:2,3
DA:3,3
DA:4,3
DA:12,35
DA:14,35
DA:15,26
DA:16,1
DA:19,25
DA:23,9
DA:27,9
DA:30,35
DA:31,35
DA:32,35
DA:35,35
DA:36,11
DA:39,24
DA:40,24
DA:41,17
DA:44,24
DA:56,10
DA:58,3
DA:64,2
DA:66,3
DA:72,2
DA:74,3
DA:80,2
DA:82,3
DA:88,2
DA:90,3
DA:96,2
DA:98,3
DA:104,12
DA:106,3
DA:109,3
LF:35
LH:35
BRDA:14,0,0,26
BRDA:14,0,1,9
BRDA:15,1,0,1
BRDA:15,1,1,25
BRDA:35,2,0,11
BRDA:35,2,1,24
BRDA:40,3,0,17
BRF:7
BRH:7
end_of_record
TN:
SF:mapper/MappingException.ts
FNF:0
FNH:0
DA:1,3
DA:4,3
LF:2
LH:2
BRF:0
BRH:0
end_of_record
TN:
SF:mapper/def.ts
FNF:0
FNH:0
DA:5,3
LF:1
LH:1
BRF:0
BRH:0
end_of_record
TN:
SF:mapper/defaultMappingFunction.ts
FN:5,defaultMappingFunction
FNF:1
FNH:1
FNDA:16,defaultMappingFunction
DA:1,3
DA:3,3
DA:5,3
DA:7,16
DA:8,1
DA:11,15
DA:12,15
DA:14,15
DA:15,2
DA:18,13
LF:10
LH:10
BRDA:7,0,0,1
BRDA:14,1,0,2
BRDA:14,1,1,13
BRF:3
BRH:3
end_of_record
TN:
SF:mapper/index.ts
FNF:0
FNH:0
DA:1,3
DA:2,3
DA:3,3
DA:4,3
DA:8,3
DA:9,3
DA:10,3
LF:7
LH:7
BRF:0
BRH:0
end_of_record
TN:
SF:mapper/Annotation/ApplyMapping.ts
FN:8,ApplyMapping
FN:13,(anonymous_1)
FN:33,(anonymous_2)
FNF:3
FNH:3
FNDA:11,ApplyMapping
FNDA:11,(anonymous_1)
FNDA:15,(anonymous_2)
DA:2,3
DA:3,3
DA:4,3
DA:5,3
DA:8,3
DA:13,11
DA:14,11
DA:16,11
DA:19,11
DA:20,1
DA:26,11
DA:28,11
DA:31,11
DA:33,11
DA:34,15
DA:36,15
DA:37,17
DA:44,17
DA:45,17
DA:46,9
DA:47,9
DA:52,17
DA:53,17
DA:56,15
LF:24
LH:24
BRDA:9,0,0,10
BRDA:19,1,0,1
BRDA:45,2,0,9
BRDA:47,3,0,1
BRDA:47,3,1,8
BRDA:52,4,0,17
BRDA:52,4,1,16
BRF:7
BRH:7
end_of_record
TN:
SF:mapper/Annotation/Map.ts
FN:20,Map
FN:38,(anonymous_1)
FN:51,(anonymous_2)
FNF:3
FNH:3
FNDA:13,Map
FNDA:13,(anonymous_1)
FNDA:10,(anonymous_2)
DA:2,3
DA:23,13
DA:25,13
DA:26,9
DA:27,1
DA:30,8
DA:33,4
DA:34,1
DA:35,1
DA:38,13
DA:39,13
DA:40,13
DA:42,13
DA:43,10
DA:49,13
DA:50,11
DA:51,11
DA:54,13
DA:62,3
LF:19
LH:19
BRDA:25,0,0,9
BRDA:25,0,1,4
BRDA:26,1,0,1
BRDA:26,1,1,8
BRDA:33,2,0,1
BRDA:42,3,0,10
BRDA:49,4,0,11
BRF:7
BRH:7
end_of_record
TN:
SF:object-manager/ObjectManager.ts
FN:39,(anonymous_0)
FN:52,(anonymous_1)
FN:67,(anonymous_2)
FN:74,(anonymous_3)
FN:87,(anonymous_4)
FN:93,(anonymous_5)
FN:103,(anonymous_6)
FN:121,(anonymous_7)
FN:138,(anonymous_8)
FN:153,(anonymous_9)
FN:162,(anonymous_10)
FN:183,(anonymous_11)
FN:189,(anonymous_12)
FN:209,(anonymous_13)
FN:212,(anonymous_14)
FNF:15
FNH:15
FNDA:321,(anonymous_0)
FNDA:34,(anonymous_1)
FNDA:20,(anonymous_2)
FNDA:8,(anonymous_3)
FNDA:10,(anonymous_4)
FNDA:1,(anonymous_5)
FNDA:327,(anonymous_6)
FNDA:19,(anonymous_7)
FNDA:5,(anonymous_8)
FNDA:2,(anonymous_9)
FNDA:150,(anonymous_10)
FNDA:151,(anonymous_11)
FNDA:236,(anonymous_12)
FNDA:1,(anonymous_13)
FNDA:25,(anonymous_14)
DA:1,11
DA:2,11
DA:3,11
DA:21,11
DA:24,11
DA:27,27
DA:28,27
DA:29,27
DA:31,27
DA:32,27
DA:33,27
DA:34,27
DA:36,27
DA:41,321
DA:42,27
DA:45,321
DA:58,34
DA:59,34
DA:60,30
DA:61,30
DA:64,34
DA:71,20
DA:79,8
DA:81,8
DA:82,8
DA:83,4
DA:86,8
DA:87,10
DA:89,8
DA:95,1
DA:108,327
DA:109,327
DA:110,244
DA:111,49
DA:112,49
DA:115,244
DA:118,83
DA:127,19
DA:128,11
DA:129,3
DA:132,8
DA:135,16
DA:140,5
DA:141,5
DA:144,5
DA:145,10
DA:146,10
DA:150,5
DA:155,2
DA:156,1
DA:159,1
DA:167,150
DA:170,150
DA:171,150
DA:174,150
DA:175,8
DA:178,150
DA:180,150
DA:188,151
DA:190,236
DA:191,236
DA:194,151
DA:195,82
DA:197,82
DA:198,5
DA:200,77
DA:201,1
DA:204,76
DA:209,151
DA:214,25
DA:215,2
DA:216,2
DA:219,25
DA:221,25
DA:222,1
DA:223,2
DA:224,2
DA:228,25
DA:230,25
DA:231,83
DA:232,5
DA:235,25
DA:236,25
LF:83
LH:83
BRDA:41,0,0,27
BRDA:59,1,0,30
BRDA:79,2,0,8
BRDA:79,2,1,0
BRDA:81,3,0,8
BRDA:82,4,0,4
BRDA:86,5,0,8
BRDA:86,5,1,7
BRDA:105,6,0,246
BRDA:109,7,0,244
BRDA:110,8,0,49
BRDA:124,9,0,9
BRDA:127,10,0,11
BRDA:128,11,0,3
BRDA:140,12,0,5
BRDA:145,13,0,10
BRDA:155,14,0,1
BRDA:164,15,0,0
BRDA:174,16,0,8
BRDA:197,17,0,5
BRDA:197,17,1,77
BRDA:200,18,0,1
BRDA:200,18,1,76
BRDA:215,19,0,2
BRDA:223,20,0,2
BRDA:231,21,0,5
BRF:26
BRH:24
end_of_record
TN:
SF:object-manager/def.ts
FN:22,(anonymous_0)
FNF:1
FNH:1
FNDA:34,(anonymous_0)
DA:1,11
DA:2,11
DA:15,11
DA:20,34
DA:23,34
LF:5
LH:5
BRF:0
BRH:0
end_of_record
TN:
SF:object-manager/index.ts
FN:12,(anonymous_0)
FN:13,(anonymous_1)
FNF:2
FNH:2
FNDA:2,(anonymous_0)
FNDA:1,(anonymous_1)
DA:1,11
DA:2,11
DA:3,11
DA:4,11
DA:5,11
DA:6,11
DA:7,11
DA:11,11
DA:12,13
DA:13,12
DA:14,11
DA:15,11
DA:16,11
DA:17,11
LF:14
LH:14
BRF:0
BRH:0
end_of_record
TN:
SF:object-manager/Annotation/DependencyInjection.ts
FN:4,DependencyInjection
FN:6,(anonymous_1)
FN:10,(anonymous_2)
FNF:3
FNH:3
FNDA:1,DependencyInjection
FNDA:1,(anonymous_1)
FNDA:1,(anonymous_2)
DA:1,11
DA:4,11
DA:6,1
DA:8,1
DA:12,1
DA:14,1
DA:20,1
DA:23,1
DA:25,1
LF:9
LH:9
BRF:0
BRH:0
end_of_record
TN:
SF:object-manager/Annotation/Inject.ts
FN:5,Inject
FN:7,(anonymous_1)
FNF:2
FNH:2
FNDA:34,Inject
FNDA:34,(anonymous_1)
DA:1,11
DA:2,11
DA:5,11
DA:7,34
DA:8,34
DA:10,34
DA:11,34
DA:13,34
LF:8
LH:8
BRF:0
BRH:0
end_of_record
TN:
SF:object-manager/Annotation/Injectable.ts
FN:5,Injectable
FN:8,(anonymous_1)
FNF:2
FNH:2
FNDA:8,Injectable
FNDA:8,(anonymous_1)
DA:2,11
DA:5,11
DA:8,8
DA:9,8
LF:4
LH:4
BRF:0
BRH:0
end_of_record
TN:
SF:object-manager/Annotation/Singleton.ts
FN:4,Singleton
FN:5,(anonymous_1)
FNF:2
FNH:2
FNDA:20,Singleton
FNDA:20,(anonymous_1)
DA:1,11
DA:4,11
DA:5,20
DA:6,20
LF:4
LH:4
BRF:0
BRH:0
end_of_record
TN:
SF:utils/Debounce.ts
FN:5,Debounce
FN:7,(anonymous_1)
FNF:2
FNH:2
FNDA:1,Debounce
FNDA:1,(anonymous_1)
DA:1,1
DA:5,1
DA:7,1
DA:8,1
DA:9,1
LF:5
LH:5
BRDA:5,0,0,0
BRF:1
BRH:0
end_of_record
TN:
SF:utils/Exception.ts
FNF:0
FNH:0
DA:6,18
DA:53,18
DA:63,18
DA:73,18
DA:83,18
LF:5
LH:5
BRF:0
BRH:0
end_of_record
TN:
SF:utils/Logger.ts
FNF:0
FNH:0
DA:1,3
DA:6,3
LF:2
LH:2
BRF:0
BRH:0
end_of_record
TN:
SF:utils/PromiseAggregator.ts
FN:7,(anonymous_0)
FN:12,(anonymous_1)
FN:17,(anonymous_2)
FN:22,(anonymous_3)
FNF:4
FNH:4
FNDA:2,(anonymous_0)
FNDA:1,(anonymous_1)
FNDA:3,(anonymous_2)
FNDA:9,(anonymous_3)
DA:4,1
DA:9,2
DA:14,1
DA:19,3
DA:21,3
DA:22,9
DA:23,9
DA:24,9
DA:25,7
DA:28,2
DA:31,9
DA:34,3
LF:12
LH:12
BRF:0
BRH:0
end_of_record
TN:
SF:utils/RuntimeCache.ts
FN:29,(anonymous_0)
FN:34,(anonymous_1)
FN:61,(anonymous_2)
FN:89,(anonymous_3)
FN:91,(anonymous_4)
FN:100,(anonymous_5)
FN:103,(anonymous_6)
FN:106,(anonymous_7)
FNF:8
FNH:8
FNDA:1,(anonymous_0)
FNDA:5,(anonymous_1)
FNDA:11,(anonymous_2)
FNDA:2,(anonymous_3)
FNDA:4,(anonymous_4)
FNDA:1,(anonymous_5)
FNDA:2,(anonymous_6)
FNDA:16,(anonymous_7)
DA:1,1
DA:23,1
DA:26,7
DA:31,1
DA:36,5
DA:39,5
DA:40,3
DA:41,1
DA:44,2
DA:45,2
DA:46,1
DA:50,3
DA:52,3
DA:58,3
DA:63,11
DA:66,11
DA:67,3
DA:68,1
DA:71,2
DA:72,2
DA:73,1
DA:77,9
DA:79,9
DA:85,9
DA:91,2
DA:92,4
DA:93,1
DA:96,3
DA:102,1
DA:103,2
DA:108,16
LF:31
LH:31
BRDA:34,0,0,0
BRDA:39,1,0,3
BRDA:40,2,0,1
BRDA:45,3,0,1
BRDA:61,4,0,0
BRDA:66,5,0,3
BRDA:67,6,0,1
BRDA:72,7,0,1
BRDA:92,8,0,1
BRF:9
BRH:7
end_of_record
TN:
SF:utils/autoRetry.ts
FN:17,autoRetry
FNF:1
FNH:1
FNDA:2,autoRetry
DA:1,1
DA:10,1
DA:13,2
DA:17,1
DA:19,2
DA:24,2
DA:26,2
DA:27,7
DA:28,7
DA:31,6
DA:35,1
LF:11
LH:11
BRDA:21,0,0,2
BRDA:21,0,1,0
BRF:2
BRH:1
end_of_record
TN:
SF:utils/common.ts
FN:1,isPlainObject
FN:6,isFunction
FN:11,isArrowFunction
FNF:3
FNH:3
FNDA:137,isPlainObject
FNDA:15,isFunction
FNDA:8,isArrowFunction
DA:1,8
DA:3,137
DA:6,8
DA:8,15
DA:11,8
DA:13,8
DA:14,8
DA:15,8
LF:8
LH:8
BRDA:3,0,0,137
BRDA:3,0,1,116
BRDA:8,1,0,15
BRDA:8,1,1,15
BRDA:8,1,2,15
BRDA:8,1,3,11
BRDA:14,2,0,8
BRDA:14,2,1,6
BRDA:15,3,0,8
BRDA:15,3,1,6
BRDA:15,4,0,6
BRDA:15,4,1,4
BRF:12
BRH:12
end_of_record
TN:
SF:utils/getDecoratorTarget.ts
FN:1,getDecoratorTarget
FNF:1
FNH:1
FNDA:160,getDecoratorTarget
DA:1,9
DA:3,160
DA:4,14
DA:7,146
LF:4
LH:4
BRDA:3,0,0,14
BRDA:3,0,1,146
BRF:2
BRH:2
end_of_record
TN:
SF:utils/getPrototypesFromChain.ts
FN:1,getPrototypesFromChain
FNF:1
FNH:1
FNDA:225,getPrototypesFromChain
DA:1,16
DA:3,225
DA:5,225
DA:6,225
DA:7,337
DA:8,337
DA:12,225
LF:7
LH:7
BRF:0
BRH:0
end_of_record
TN:
SF:utils/mergeRecursive.ts
FN:3,mergeRecursive
FN:5,(anonymous_1)
FNF:2
FNH:2
FNDA:148,mergeRecursive
FNDA:269,(anonymous_1)
DA:1,8
DA:3,8
DA:5,148
DA:6,269
DA:7,125
LF:5
LH:5
BRDA:6,0,0,125
BRDA:7,1,0,125
BRDA:7,1,1,74
BRF:3
BRH:3
end_of_record
TN:
SF:utils/replaceRecursive.ts
FN:3,replaceRecursive
FN:5,(anonymous_1)
FNF:2
FNH:2
FNDA:2,replaceRecursive
FNDA:4,(anonymous_1)
DA:1,2
DA:3,2
DA:5,2
DA:6,4
DA:7,2
LF:5
LH:5
BRDA:6,0,0,2
BRF:1
BRH:1
end_of_record
TN:
SF:validator/ValidationResult.ts
FNF:0
FNH:0
DA:4,6
DA:7,104
DA:9,104
LF:3
LH:3
BRF:0
BRH:0
end_of_record
TN:
SF:validator/Validator.ts
FN:29,(anonymous_0)
FN:39,(anonymous_1)
FN:52,(anonymous_2)
FN:85,(anonymous_3)
FN:95,(anonymous_4)
FN:121,(anonymous_5)
FN:133,(anonymous_6)
FN:147,(anonymous_7)
FN:167,(anonymous_8)
FN:230,(anonymous_9)
FN:261,(anonymous_10)
FN:341,(anonymous_11)
FN:398,(anonymous_12)
FNF:13
FNH:13
FNDA:121,(anonymous_0)
FNDA:85,(anonymous_1)
FNDA:202,(anonymous_2)
FNDA:2,(anonymous_3)
FNDA:70,(anonymous_4)
FNDA:69,(anonymous_5)
FNDA:93,(anonymous_6)
FNDA:20,(anonymous_7)
FNDA:580,(anonymous_8)
FNDA:13,(anonymous_9)
FNDA:24,(anonymous_10)
FNDA:288,(anonymous_11)
FNDA:284,(anonymous_12)
DA:1,6
DA:2,6
DA:3,6
DA:15,6
DA:16,6
DA:17,6
DA:20,6
DA:23,6
DA:26,8
DA:31,121
DA:32,8
DA:35,121
DA:41,85
DA:42,29
DA:48,29
DA:57,202
DA:58,1
DA:62,201
DA:63,46
DA:66,155
DA:67,6
DA:69,149
DA:70,109
DA:72,40
DA:73,5
DA:75,35
DA:76,13
DA:79,22
DA:90,2
DA:91,2
DA:92,2
DA:103,70
DA:105,70
DA:106,70
DA:107,70
DA:114,70
DA:127,69
DA:132,69
DA:134,93
DA:135,93
DA:139,69
DA:142,69
DA:143,68
DA:144,172
DA:145,172
DA:146,10
DA:147,20
DA:150,10
DA:151,10
DA:157,69
DA:158,69
DA:159,1
DA:162,68
DA:163,290
DA:164,290
DA:166,290
DA:167,580
DA:171,290
DA:172,290
DA:173,209
DA:174,209
DA:175,33
DA:180,290
DA:181,61
DA:182,28
DA:183,1
DA:187,33
DA:188,35
DA:190,35
DA:196,35
DA:197,2
DA:206,229
DA:212,229
DA:219,68
DA:220,22
DA:223,68
DA:239,13
DA:241,13
DA:242,13
DA:243,10
DA:246,13
DA:247,13
DA:254,13
DA:267,24
DA:268,24
DA:270,24
DA:272,24
DA:273,24
DA:274,3
DA:277,21
DA:278,21
DA:279,2
DA:283,19
DA:284,23
DA:285,23
DA:288,23
DA:290,23
DA:291,16
DA:292,16
DA:293,4
DA:297,23
DA:298,5
DA:299,1
DA:302,4
DA:303,6
DA:305,6
DA:311,6
DA:312,2
DA:321,18
DA:327,18
DA:334,19
DA:335,10
DA:338,19
DA:348,288
DA:351,288
DA:352,171
DA:353,171
DA:354,7
DA:359,288
DA:363,288
DA:364,15
DA:365,2
DA:366,2
DA:367,2
DA:374,13
DA:382,288
DA:386,45
DA:387,45
DA:388,10
DA:395,288
DA:403,284
DA:404,105
DA:407,179
LF:133
LH:133
BRDA:31,0,0,8
BRDA:41,1,0,29
BRDA:57,2,0,1
BRDA:62,3,0,46
BRDA:66,4,0,6
BRDA:66,4,1,149
BRDA:69,5,0,109
BRDA:69,5,1,40
BRDA:72,6,0,5
BRDA:72,6,1,35
BRDA:75,7,0,13
BRDA:87,8,0,0
BRDA:106,9,0,70
BRDA:124,10,0,24
BRDA:127,11,0,47
BRDA:127,11,1,22
BRDA:142,12,0,68
BRDA:145,13,0,10
BRDA:158,14,0,1
BRDA:172,15,0,209
BRDA:174,16,0,33
BRDA:180,17,0,61
BRDA:180,17,1,229
BRDA:181,18,0,28
BRDA:181,18,1,33
BRDA:182,19,0,1
BRDA:196,20,0,2
BRDA:219,21,0,22
BRDA:242,22,0,10
BRDA:246,23,0,13
BRDA:273,24,0,3
BRDA:278,25,0,2
BRDA:290,26,0,16
BRDA:292,27,0,4
BRDA:297,28,0,5
BRDA:297,28,1,18
BRDA:298,29,0,1
BRDA:298,29,1,4
BRDA:311,30,0,2
BRDA:334,31,0,10
BRDA:351,32,0,171
BRDA:353,33,0,7
BRDA:359,34,0,4
BRDA:359,34,1,284
BRDA:363,35,0,15
BRDA:364,36,0,2
BRDA:364,36,1,13
BRDA:368,37,0,2
BRDA:368,37,1,2
BRDA:375,38,0,13
BRDA:375,38,1,13
BRDA:382,39,0,45
BRDA:383,40,0,288
BRDA:383,40,1,284
BRDA:387,41,0,10
BRDA:403,42,0,105
BRF:56
BRH:55
end_of_record
TN:
SF:validator/index.ts
FNF:0
FNH:0
DA:1,3
DA:4,3
LF:2
LH:2
BRF:0
BRH:0
end_of_record
TN:
SF:validator/validateJsExt.ts
FN:3,(anonymous_0)
FN:5,(anonymous_1)
FN:18,(anonymous_2)
FNF:3
FNH:3
FNDA:288,(anonymous_0)
FNDA:15,(anonymous_1)
FNDA:5,(anonymous_2)
DA:1,7
DA:3,7
DA:4,288
DA:5,288
DA:6,15
DA:7,15
DA:10,15
DA:15,288
DA:18,7
DA:19,5
DA:23,7
LF:11
LH:11
BRDA:6,0,0,15
BRDA:19,1,0,5
BRDA:19,1,1,4
BRF:3
BRH:3
end_of_record
TN:
SF:validator/Method/Assert.ts
FN:18,Assert
FN:41,(anonymous_1)
FN:52,(anonymous_2)
FNF:3
FNH:3
FNDA:13,Assert
FNDA:13,(anonymous_1)
FNDA:14,(anonymous_2)
DA:1,4
DA:3,4
DA:22,13
DA:23,13
DA:25,13
DA:26,8
DA:27,3
DA:29,5
DA:30,1
DA:32,4
DA:33,3
DA:34,3
DA:37,13
DA:38,2
DA:41,13
DA:42,13
DA:44,13
DA:50,13
DA:51,6
DA:52,14
DA:54,13
DA:55,9
DA:56,8
DA:59,9
DA:60,9
DA:61,2
DA:65,4
DA:68,13
DA:69,4
DA:72,13
DA:84,4
LF:31
LH:31
BRDA:19,0,0,2
BRDA:25,1,0,8
BRDA:26,2,0,3
BRDA:26,2,1,5
BRDA:29,3,0,1
BRDA:29,3,1,4
BRDA:32,4,0,3
BRDA:37,5,0,2
BRDA:50,6,0,6
BRDA:54,7,0,9
BRDA:54,7,1,4
BRDA:55,8,0,8
BRDA:60,9,0,2
BRDA:68,10,0,4
BRF:14
BRH:14
end_of_record
TN:
SF:validator/Method/Validate.ts
FN:7,Validate
FN:10,(anonymous_1)
FN:17,(anonymous_2)
FNF:3
FNH:3
FNDA:13,Validate
FNDA:13,(anonymous_1)
FNDA:11,(anonymous_2)
DA:1,4
DA:2,4
DA:3,4
DA:4,4
DA:7,4
DA:10,13
DA:11,13
DA:13,13
DA:15,13
DA:17,13
DA:18,11
DA:20,11
DA:21,11
DA:22,3
DA:25,8
DA:27,8
DA:28,1
DA:30,1
DA:31,1
DA:32,1
DA:33,1
DA:35,1
DA:39,7
LF:23
LH:23
BRDA:8,0,0,12
BRDA:21,1,0,3
BRDA:27,2,0,1
BRDA:31,3,0,1
BRF:4
BRH:4
end_of_record
TN:
SF:validator/Method/index.ts
FNF:0
FNH:0
DA:1,4
DA:2,4
DA:3,4
DA:4,4
DA:8,4
DA:9,4
DA:10,4
LF:7
LH:7
BRF:0
BRH:0
end_of_record
TN:
SF:validator/Object/Assert.ts
FN:17,Assert
FN:40,(anonymous_1)
FN:51,(anonymous_2)
FNF:3
FNH:3
FNDA:70,Assert
FNDA:70,(anonymous_1)
FNDA:108,(anonymous_2)
DA:1,5
DA:3,5
DA:21,70
DA:22,70
DA:24,70
DA:25,56
DA:26,45
DA:28,11
DA:29,3
DA:31,8
DA:32,8
DA:33,8
DA:36,70
DA:37,43
DA:40,70
DA:41,70
DA:43,70
DA:49,70
DA:50,14
DA:51,108
DA:53,70
DA:54,59
DA:55,53
DA:58,59
DA:59,59
DA:60,3
DA:64,11
DA:67,70
DA:78,5
LF:29
LH:29
BRDA:18,0,0,1
BRDA:24,1,0,56
BRDA:25,2,0,45
BRDA:25,2,1,11
BRDA:28,3,0,3
BRDA:28,3,1,8
BRDA:31,4,0,8
BRDA:36,5,0,43
BRDA:49,6,0,14
BRDA:53,7,0,59
BRDA:53,7,1,11
BRDA:54,8,0,53
BRDA:59,9,0,3
BRF:13
BRH:13
end_of_record
TN:
SF:validator/Object/AssertOptions.ts
FN:5,AssertOptions
FN:9,(anonymous_1)
FNF:2
FNH:2
FNDA:2,AssertOptions
FNDA:2,(anonymous_1)
DA:2,5
DA:5,5
DA:9,2
DA:10,2
LF:4
LH:4
BRDA:6,0,0,0
BRF:1
BRH:0
end_of_record
TN:
SF:validator/Object/index.ts
FNF:0
FNH:0
DA:1,5
DA:2,5
DA:3,5
DA:4,5
DA:8,5
DA:9,5
DA:10,5
LF:7
LH:7
BRF:0
BRH:0
end_of_record
